-----------------------------------------------------------
Запуск приложения R3ZKERP: 01.04.2008 17:22:36 пользователь: SPROKUSHEV
-----------------------------------------------------------
Запуск приложения R3ZKERP: 01.04.2008 17:22:57 пользователь: SPROKUSHEV
-----------------------------------------------------------
Запуск приложения R3ZKERP: 01.04.2008 18:54:54 пользователь: SPROKUSHEV
Завершение приложения R3ZKERP: 01.04.2008 18:55:24 пользователь: SPROKUSHEV

-----------------------------------------------------------
Запуск приложения R3ZKERP: 01.04.2008 19:23:06 пользователь: SPROKUSHEV
-----------------------------------------------------------
Запуск приложения R3ZKERP: 01.04.2008 19:29:33 пользователь: SPROKUSHEV
-----------------------------------------------------------
Запуск приложения R3ZKERP: 01.04.2008 19:31:00 пользователь: SPROKUSHEV

Статус события: -100
Компьютер: SPROKUSHEV
Приложение: U:\MASTER\XX101\R3Interfaces\ToLocalSystem\R3ZKERP\R3ZKERP.exe
Moдуль: MAIN
Пользователь: SPROKUSHEV
Дата и время: 01.04.2008 19:31:12

Позиция  0 не обработана 
ORA-00001: unique constraint (MASTER.SYS_C0032229) violated


-----------------------------------------------------------
Запуск приложения R3ZKERP: 01.04.2008 19:45:40 пользователь: SPROKUSHEV

Статус события: -100
Компьютер: SPROKUSHEV
Приложение: U:\MASTER\XX101\R3Interfaces\ToLocalSystem\R3ZKERP\R3ZKERP.exe
Moдуль: MAIN
Пользователь: SPROKUSHEV
Дата и время: 01.04.2008 19:45:50

Обработана позиция 0

-----------------------------------------------------------
Запуск приложения R3ZKERP: 01.04.2008 19:48:46 пользователь: SPROKUSHEV

Статус события: -100
Компьютер: SPROKUSHEV
Приложение: U:\MASTER\XX101\R3Interfaces\ToLocalSystem\R3ZKERP\R3ZKERP.exe
Moдуль: MAIN
Пользователь: SPROKUSHEV
Дата и время: 01.04.2008 19:48:53

Позиция  0 не обработана 
ORA-00001: unique constraint (MASTER.SYS_C0032229) violated


Завершение приложения R3ZKERP: 01.04.2008 19:49:02 пользователь: SPROKUSHEV

-----------------------------------------------------------
Запуск приложения R3ZKERP: 02.04.2008 07:02:31 пользователь: SPROKUSHEV
Завершение приложения R3ZKERP: 02.04.2008 07:14:04 пользователь: SPROKUSHEV

-----------------------------------------------------------
Запуск приложения R3ZKERP: 02.04.2008 07:14:19 пользователь: SPROKUSHEV
Завершение приложения R3ZKERP: 02.04.2008 07:14:58 пользователь: SPROKUSHEV

-----------------------------------------------------------
Запуск приложения R3ZKERP: 02.04.2008 07:21:58 пользователь: SPROKUSHEV
Завершение приложения R3ZKERP: 02.04.2008 07:22:03 пользователь: SPROKUSHEV

-----------------------------------------------------------
Запуск приложения R3ZKERP: 02.04.2008 07:29:03 пользователь: SPROKUSHEV
Завершение приложения R3ZKERP: 02.04.2008 07:29:10 пользователь: SPROKUSHEV

-----------------------------------------------------------
Запуск приложения R3ZKERP: 02.04.2008 11:37:16 пользователь: SPROKUSHEV
Завершение приложения R3ZKERP: 02.04.2008 11:37:23 пользователь: SPROKUSHEV

-----------------------------------------------------------
Запуск приложения R3ZKERP: 02.04.2008 12:55:11 пользователь: SPROKUSHEV
Завершение приложения R3ZKERP: 02.04.2008 12:55:15 пользователь: SPROKUSHEV

