
07.12.1999 17:49:45 Обработано -   1 записей 07.12.1999 17:49:56
07.12.1999 18:27:44 Обработано -  24 записей 07.12.1999 18:28:00
07.12.1999 18:55:44 Обработано -  19 записей 07.12.1999 18:55:59
08.12.1999 09:57:48 Обработано -   3 записей 08.12.1999 09:58:01
08.12.1999 10:41:46 Обработано -   1 записей 08.12.1999 10:41:58
08.12.1999 11:24:05 Обработано -   1 записей 08.12.1999 11:24:33
08.12.1999 13:03:50 Обработано -   2 записей 08.12.1999 13:04:02
08.12.1999 14:23:47 Обработано -   9 записей 08.12.1999 14:24:01
08.12.1999 18:29:48 Обработано -  44 записей 08.12.1999 18:30:11
08.12.1999 18:49:46 Обработано -  26 записей 08.12.1999 18:50:05
09.12.1999 09:53:52 Обработано -   5 записей 09.12.1999 09:54:09
09.12.1999 11:41:33 Обработано -   1 записей 09.12.1999 11:41:48
09.12.1999 14:31:31 Обработано -  33 записей 09.12.1999 14:31:52
09.12.1999 14:43:31 Обработано -   7 записей 09.12.1999 14:43:48
09.12.1999 16:53:45 Обработано -   2 записей 09.12.1999 16:54:15
09.12.1999 18:01:31 Обработано -  25 записей 09.12.1999 18:01:54
09.12.1999 18:27:31 Обработано -   1 записей 09.12.1999 18:27:49
09.12.1999 18:49:30 Обработано -  12 записей 09.12.1999 18:49:50
10.12.1999 02:43:36 Обработано -   1 записей 10.12.1999 02:43:55
10.12.1999 10:33:33 Обработано -   4 записей 10.12.1999 10:33:50
10.12.1999 11:21:32 Обработано -   1 записей 10.12.1999 11:21:47
10.12.1999 13:19:32 Обработано -   9 записей 10.12.1999 13:19:50
10.12.1999 15:31:34 Обработано -   3 записей 10.12.1999 15:31:50
10.12.1999 17:45:33 Обработано -  21 записей 10.12.1999 17:45:54
10.12.1999 18:49:33 Обработано -  57 записей 10.12.1999 18:50:02
11.12.1999 13:53:37 Обработано -  28 записей 11.12.1999 13:54:04
11.12.1999 14:23:35 Обработано -  12 записей 11.12.1999 14:23:55
11.12.1999 15:03:35 Обработано -   4 записей 11.12.1999 15:03:54
11.12.1999 15:47:39 Обработано -   7 записей 11.12.1999 15:47:58
12.12.1999 13:13:53 Обработано -   5 записей 12.12.1999 13:14:20
13.12.1999 11:37:42 Обработано -   7 записей 13.12.1999 11:38:00
14.12.1999 10:01:44 Обработано -   3 записей 14.12.1999 10:01:59
14.12.1999 10:47:42 Обработано -   6 записей 14.12.1999 10:47:55
14.12.1999 11:07:42 Обработано -   6 записей 14.12.1999 11:07:54
14.12.1999 13:01:43 Обработано -   6 записей 14.12.1999 13:01:56
14.12.1999 14:17:43 Обработано -   4 записей 14.12.1999 14:17:56
14.12.1999 15:41:44 Обработано -   4 записей 14.12.1999 15:41:57
14.12.1999 16:09:43 Обработано -   3 записей 14.12.1999 16:09:55
14.12.1999 17:49:43 Обработано -  13 записей 14.12.1999 17:49:59
14.12.1999 18:19:44 Обработано -   1 записей 14.12.1999 18:19:57
14.12.1999 18:33:43 Обработано -   1 записей 14.12.1999 18:33:55
14.12.1999 19:29:46 Обработано -  21 записей 14.12.1999 19:30:03
15.12.1999 10:01:46 Обработано -   1 записей 15.12.1999 10:02:00
15.12.1999 14:01:45 Обработано -  23 записей 15.12.1999 14:02:00
15.12.1999 17:33:45 Обработано -  34 записей 15.12.1999 17:34:03
15.12.1999 17:55:45 Обработано -   1 записей 15.12.1999 17:55:57
15.12.1999 18:45:45 Обработано -  18 записей 15.12.1999 18:46:01
16.12.1999 10:21:57 Обработано -   4 записей 16.12.1999 10:22:15
16.12.1999 10:45:52 Обработано -   1 записей 16.12.1999 10:46:08
16.12.1999 12:24:01 Обработано -   2 записей 16.12.1999 12:24:17
16.12.1999 13:00:01 Обработано -  25 записей 16.12.1999 13:00:24
16.12.1999 14:26:00 Обработано -   4 записей 16.12.1999 14:26:26
16.12.1999 16:34:00 Обработано -  18 записей 16.12.1999 16:34:22
16.12.1999 17:20:01 Обработано -   1 записей 16.12.1999 17:20:19
16.12.1999 18:33:55 Обработано -   1 записей 16.12.1999 18:34:12
16.12.1999 18:56:00 Обработано -  22 записей 16.12.1999 18:56:27
17.12.1999 09:39:59 Обработано -   1 записей 17.12.1999 09:40:18
17.12.1999 10:18:01 Обработано -   3 записей 17.12.1999 10:18:20
17.12.1999 11:29:54 Обработано -   1 записей 17.12.1999 11:30:12
17.12.1999 11:55:53 Обработано -   3 записей 17.12.1999 11:56:13
17.12.1999 12:41:58 Обработано -   2 записей 17.12.1999 12:42:20
17.12.1999 12:55:56 Обработано -   4 записей 17.12.1999 12:56:17
17.12.1999 14:29:55 Обработано -  17 записей 17.12.1999 14:30:22
17.12.1999 16:28:04 Обработано -   4 записей 17.12.1999 16:28:23
17.12.1999 16:36:08 Обработано -   3 записей 17.12.1999 16:36:27
17.12.1999 17:52:02 Обработано -  44 записей 17.12.1999 17:52:31
17.12.1999 19:40:03 Обработано -  23 записей 17.12.1999 19:40:29
18.12.1999 10:18:06 Обработано -   4 записей 18.12.1999 10:18:30
18.12.1999 15:08:01 Обработано -   8 записей 18.12.1999 15:08:22
18.12.1999 15:28:05 Обработано -   2 записей 18.12.1999 15:28:28
18.12.1999 15:38:01 Обработано -  10 записей 18.12.1999 15:38:28
18.12.1999 15:55:59 Обработано -   4 записей 18.12.1999 15:56:20
18.12.1999 16:37:59 Обработано -   1 записей 18.12.1999 16:38:22
20.12.1999 11:25:47 Обработано -   7 записей 20.12.1999 11:26:20
20.12.1999 12:35:40 Обработано -   7 записей 20.12.1999 12:35:59
20.12.1999 13:03:4620.12.1999 13:03:55
20.12.1999 15:51:37 Обработано -   1 записей 20.12.1999 15:51:54
20.12.1999 17:45:4720.12.1999 17:45:57
20.12.1999 18:05:4320.12.1999 18:05:49
20.12.1999 18:20:01 Обработано -   1 записей 20.12.1999 18:20:19
20.12.1999 19:01:42 Обработано -  12 записей 20.12.1999 19:02:07
20.12.1999 19:27:42 Обработано -   6 записей 20.12.1999 19:28:02
21.12.1999 08:57:44 Обработано -   2 записей 21.12.1999 08:58:06
21.12.1999 09:43:41 Обработано -   1 записей 21.12.1999 09:43:57
21.12.1999 10:59:4021.12.1999 10:59:46
21.12.1999 11:19:53 Обработано -   2 записей 21.12.1999 11:20:10
21.12.1999 13:39:52 Обработано -   1 записей 21.12.1999 13:40:09
21.12.1999 14:53:45 Обработано -   9 записей 21.12.1999 14:54:06
21.12.1999 15:37:42 Обработано -   2 записей 21.12.1999 15:38:00
21.12.1999 17:51:42 Обработано -   1 записей 21.12.1999 17:51:59
21.12.1999 18:03:50 Обработано -   1 записей 21.12.1999 18:04:07
21.12.1999 20:05:50 Обработано -  48 записей 21.12.1999 20:06:25
21.12.1999 20:45:44 Обработано -   2 записей 21.12.1999 20:46:04
22.12.1999 10:35:50 Обработано -   6 записей 22.12.1999 10:36:19
22.12.1999 11:41:44 Обработано -   1 записей 22.12.1999 11:42:00
22.12.1999 11:53:46 Обработано -   1 записей 22.12.1999 11:54:01
22.12.1999 12:15:49 Обработано -   2 записей 22.12.1999 12:16:02
22.12.1999 12:45:55 Обработано -   2 записей 22.12.1999 12:46:12
22.12.1999 14:02:5822.12.1999 14:03:11
22.12.1999 16:01:02 Обработано -   2 записей 22.12.1999 16:01:15
22.12.1999 18:31:04 Обработано -  23 записей 22.12.1999 18:31:32
22.12.1999 19:32:58 Обработано -  28 записей 22.12.1999 19:33:27
23.12.1999 10:01:03 Обработано -   3 записей 23.12.1999 10:01:24
23.12.1999 12:21:04 Обработано -   3 записей 23.12.1999 12:21:22
23.12.1999 13:09:04 Обработано -   1 записей 23.12.1999 13:09:21
23.12.1999 13:21:12 Обработано -  13 записей 23.12.1999 13:21:34
23.12.1999 16:59:08 Обработано -   4 записей 23.12.1999 16:59:26
23.12.1999 17:31:11 Обработано -   2 записей 23.12.1999 17:31:29
23.12.1999 18:37:03 Обработано -  16 записей 23.12.1999 18:37:29
23.12.1999 18:51:04 Обработано -  32 записей 23.12.1999 18:51:35
23.12.1999 19:05:10 Обработано -   1 записей 23.12.1999 19:05:30
23.12.1999 19:31:01 Обработано -   3 записей 23.12.1999 19:31:20
23.12.1999 19:39:05 Обработано -   1 записей 23.12.1999 19:39:25
24.12.1999 10:43:01 Обработано -   4 записей 24.12.1999 10:43:26
24.12.1999 11:01:00 Обработано -   1 записей 24.12.1999 11:01:17
24.12.1999 12:49:05 Обработано -   2 записей 24.12.1999 12:49:23
24.12.1999 13:13:08 Обработано -   1 записей 24.12.1999 13:13:22
24.12.1999 14:15:07 Обработано -  13 записей 24.12.1999 14:15:25
24.12.1999 16:11:03 Обработано -   1 записей 24.12.1999 16:11:22
24.12.1999 16:57:11 Обработано -   8 записей 24.12.1999 16:57:36
24.12.1999 17:15:12 Обработано -   1 записей 24.12.1999 17:15:30
24.12.1999 17:51:06 Обработано -  29 записей 24.12.1999 17:51:34
24.12.1999 18:49:03 Обработано -  30 записей 24.12.1999 18:49:35
24.12.1999 18:57:14 Обработано -   1 записей 24.12.1999 18:57:36
24.12.1999 19:07:07 Обработано -   5 записей 24.12.1999 19:07:31
25.12.1999 14:33:15 Обработано -  18 записей 25.12.1999 14:33:43
25.12.1999 16:19:00 Обработано -  12 записей 25.12.1999 16:19:18
27.12.1999 10:20:55 Обработано -   9 записей 27.12.1999 10:21:17
27.12.1999 10:33:15 Обработано -   1 записей 27.12.1999 10:33:30
27.12.1999 11:35:06 Обработано -   1 записей 27.12.1999 11:35:22
27.12.1999 12:03:07 Обработано -   1 записей 27.12.1999 12:03:23
27.12.1999 17:09:17 Обработано -  15 записей 27.12.1999 17:09:44
27.12.1999 17:51:11 Обработано -  31 записей 27.12.1999 17:51:42
27.12.1999 18:25:23 Обработано -   2 записей 27.12.1999 18:25:40
27.12.1999 19:41:17 Обработано -  33 записей 27.12.1999 19:41:51
28.12.1999 08:41:11 Обработано -   1 записей 28.12.1999 08:41:30
28.12.1999 10:20:00 Обработано -   7 записей 28.12.1999 10:20:18
28.12.1999 10:37:11 Обработано -   1 записей 28.12.1999 10:37:26
28.12.1999 12:35:12 Обработано -   2 записей 28.12.1999 12:35:28
28.12.1999 12:45:12 Обработано -   1 записей 28.12.1999 12:45:26
28.12.1999 14:15:12 Обработано -  28 записей 28.12.1999 14:15:43
28.12.1999 16:31:15 Обработано -   5 записей 28.12.1999 16:31:34
28.12.1999 17:09:21 Обработано -  22 записей 28.12.1999 17:09:50
28.12.1999 17:45:20 Обработано -  27 записей 28.12.1999 17:45:51
29.12.1999 10:11:14 Обработано -   6 записей 29.12.1999 10:11:34
29.12.1999 10:27:23 Обработано -   4 записей 29.12.1999 10:27:47
29.12.1999 14:01:14 Обработано -   8 записей 29.12.1999 14:01:33
29.12.1999 14:35:15 Обработано -   3 записей 29.12.1999 14:35:34
29.12.1999 15:19:09 Обработано -   1 записей 29.12.1999 15:19:23
29.12.1999 16:05:24 Обработано -   8 записей 29.12.1999 16:05:41
29.12.1999 18:39:23 Обработано -  24 записей 29.12.1999 18:39:55
29.12.1999 19:01:24 Обработано -   4 записей 29.12.1999 19:01:48
30.12.1999 14:03:23 Обработано -   8 записей 30.12.1999 14:03:46
30.12.1999 14:27:22 Обработано -  47 записей 30.12.1999 14:27:54
30.12.1999 15:39:18 Обработано -  15 записей 30.12.1999 15:39:49
30.12.1999 16:09:28 Обработано -   4 записей 30.12.1999 16:09:47
30.12.1999 16:29:17 Обработано -   3 записей 30.12.1999 16:29:35
30.12.1999 17:39:17
30.12.1999 17:57:26 Обработано -  46 записей 30.12.1999 17:58:09
30.12.1999 18:31:29 Обработано -  58 записей 30.12.1999 18:32:21
30.12.1999 19:37:27 Обработано -   2 записей 30.12.1999 19:37:57
31.12.1999 12:23:25 Обработано -   9 записей 31.12.1999 12:24:05
31.12.1999 12:57:17 Обработано -   3 записей 31.12.1999 12:57:48
31.12.1999 13:23:25 Обработано -   3 записей 31.12.1999 13:23:52
31.12.1999 14:37:44 Обработано - 101 записей 31.12.1999 14:39:22
31.12.1999 14:59:34 Обработано -   5 записей 31.12.1999 15:00:09
31.12.1999 15:57:39 Обработано -   8 записей 31.12.1999 15:58:22
02.01.1999 13:47:09 Обработано -  12 записей 02.01.1999 13:47:50
02.01.1999 16:49:07 Обработано -   3 записей 02.01.1999 16:49:32
02.01.1999 17:53:08 Обработано -  15 записей 02.01.1999 17:53:36
04.01.2000 14:31:16 Обработано -  10 записей 04.01.2000 14:31:48
04.01.2000 14:45:17 Обработано -   2 записей 04.01.2000 14:45:38
04.01.2000 15:31:13 Обработано -   5 записей 04.01.2000 15:31:34
04.01.2000 15:47:21 Обработано -  31 записей 04.01.2000 15:47:50
05.01.2000 11:07:12 Обработано -   6 записей 05.01.2000 11:07:36
05.01.2000 12:09:11 Обработано -   1 записей 05.01.2000 12:09:31
05.01.2000 13:01:13 Обработано -   1 записей 05.01.2000 13:01:32
05.01.2000 14:17:43 Обработано -   3 записей 05.01.2000 14:18:05
05.01.2000 16:09:17 Обработано -   4 записей 05.01.2000 16:09:38
05.01.2000 18:27:15 Обработано -  18 записей 05.01.2000 18:27:43
05.01.2000 20:25:16 Обработано -   2 записей 05.01.2000 20:25:37
06.01.2000 12:35:22 Обработано -   8 записей 06.01.2000 12:35:47
06.01.2000 13:03:20 Обработано -   2 записей 06.01.2000 13:03:34
06.01.2000 16:18:43 Обработано -  24 записей 06.01.2000 16:19:02
06.01.2000 17:07:15 Обработано -   1 записей 06.01.2000 17:07:27
06.01.2000 17:43:17 Обработано -  10 записей 06.01.2000 17:43:31
06.01.2000 18:47:17 Обработано -   4 записей 06.01.2000 18:47:31
06.01.2000 19:51:23 Обработано -   1 записей 06.01.2000 19:51:36
06.01.2000 20:57:23 Обработано -  17 записей 06.01.2000 20:57:39
06.01.2000 22:19:23 Обработано -  83 записей 06.01.2000 22:19:55
08.01.2000 12:33:28 Обработано -  19 записей 08.01.2000 12:33:50
08.01.2000 13:13:22 Обработано -   1 записей 08.01.2000 13:13:38
08.01.2000 13:29:22 Обработано -  31 записей 08.01.2000 13:29:46
08.01.2000 13:39:29 Обработано -  20 записей 08.01.2000 13:39:51
08.01.2000 15:21:31 Обработано -   5 записей 08.01.2000 15:21:51
08.01.2000 17:03:28 Обработано -   1 записей 08.01.2000 17:03:47
08.01.2000 17:25:29 Обработано -   1 записей 08.01.2000 17:25:48
08.01.2000 17:45:23 Обработано -   2 записей 08.01.2000 17:45:42
09.01.2000 10:07:24 Обработано -   3 записей 09.01.2000 10:07:43
09.01.2000 10:41:31 Обработано -   1 записей 09.01.2000 10:41:48
09.01.2000 18:49:32 Обработано -   3 записей 09.01.2000 18:49:50
10.01.2000 10:07:27 Обработано -   1 записей 10.01.2000 10:07:45
10.01.2000 11:39:25 Обработано -   7 записей 10.01.2000 11:39:39
10.01.2000 11:45:32 Обработано -   2 записей 10.01.2000 11:45:44
10.01.2000 12:19:21 Обработано -   1 записей 10.01.2000 12:19:32
10.01.2000 14:09:23 Обработано -  34 записей 10.01.2000 14:09:45
10.01.2000 17:07:26 Обработано -   2 записей 10.01.2000 17:07:40
10.01.2000 18:19:34 Обработано -   1 записей 10.01.2000 18:19:48
10.01.2000 18:53:33 Обработано -  21 записей 10.01.2000 18:53:53
10.01.2000 19:01:36 Обработано -   1 записей 10.01.2000 19:01:50
10.01.2000 19:41:34 Обработано -  18 записей 10.01.2000 19:41:53
10.01.2000 19:51:36 Обработано -   4 записей 10.01.2000 19:51:51
11.01.2000 13:05:31 Обработано -   6 записей 11.01.2000 13:05:48
11.01.2000 13:41:27 Обработано -   2 записей 11.01.2000 13:41:40
11.01.2000 14:09:29 Обработано -   1 записей 11.01.2000 14:09:41
11.01.2000 14:18:33 Обработано -   7 записей 11.01.2000 14:18:49
11.01.2000 15:07:26 Обработано -   2 записей 11.01.2000 15:07:39
11.01.2000 16:25:36 Обработано -   1 записей 11.01.2000 16:25:49
11.01.2000 17:27:38 Обработано -  28 записей 11.01.2000 17:27:58
11.01.2000 17:53:38 Обработано -   1 записей 11.01.2000 17:53:52
11.01.2000 19:11:30 Обработано -  11 записей 11.01.2000 19:11:47
12.01.2000 09:53:52 Обработано -   2 записей 12.01.2000 09:54:13
12.01.2000 11:09:49 Обработано -   2 записей 12.01.2000 11:10:07
12.01.2000 11:53:28 Обработано -   7 записей 12.01.2000 11:53:42
12.01.2000 12:47:29 Обработано -   1 записей 12.01.2000 12:47:41
12.01.2000 14:05:33 Обработано -  20 записей 12.01.2000 14:05:52
12.01.2000 16:47:32 Обработано -   1 записей 12.01.2000 16:47:45
12.01.2000 17:05:33 Обработано -   3 записей 12.01.2000 17:05:47
12.01.2000 17:11:42 Обработано -   1 записей 12.01.2000 17:11:55
12.01.2000 18:11:42 Обработано -  24 записей 12.01.2000 18:12:07
12.01.2000 19:30:22 Обработано -   1 записей 12.01.2000 19:30:53
12.01.2000 19:37:22 Обработано -   1 записей 12.01.2000 19:37:37
13.01.2000 09:45:31 Обработано -   4 записей 13.01.2000 09:45:48
13.01.2000 10:53:04 Обработано -   7 записей 13.01.2000 10:53:20
13.01.2000 11:14:56 Обработано -   4 записей 13.01.2000 11:15:10
13.01.2000 11:56:55 Обработано -   1 записей 13.01.2000 11:57:08
13.01.2000 14:27:05 Обработано -  11 записей 13.01.2000 14:27:22
13.01.2000 16:04:56 Обработано -   2 записей 13.01.2000 16:05:10
13.01.2000 16:56:58 Обработано -  33 записей 13.01.2000 16:57:21
13.01.2000 17:29:01 Обработано -   1 записей 13.01.2000 17:29:15
13.01.2000 17:50:58 Обработано -   1 записей 13.01.2000 17:51:13
13.01.2000 18:31:05 Обработано -   1 записей 13.01.2000 18:31:21
13.01.2000 18:51:12 Обработано -  19 записей 13.01.2000 18:51:34
14.01.2000 10:02:59 Обработано -   3 записей 14.01.2000 10:03:16
14.01.2000 12:35:01 Обработано -   2 записей 14.01.2000 12:35:15
14.01.2000 12:59:09 Обработано -   1 записей 14.01.2000 12:59:22
14.01.2000 13:25:03 Обработано -   4 записей 14.01.2000 13:25:19
14.01.2000 15:36:58 Обработано -   2 записей 14.01.2000 15:37:12
14.01.2000 17:23:13 Обработано -  36 записей 14.01.2000 17:23:39
14.01.2000 17:37:03 Обработано -   1 записей 14.01.2000 17:37:18
14.01.2000 18:03:02 Обработано -  14 записей 14.01.2000 18:03:22
14.01.2000 18:06:55 Обработано -   2 записей 14.01.2000 18:07:08
14.01.2000 18:13:15 Обработано -   2 записей 14.01.2000 18:13:36
14.01.2000 18:57:04 Обработано -  14 записей 14.01.2000 18:57:21
15.01.2000 14:33:12 Обработано -   3 записей 15.01.2000 14:33:30
15.01.2000 15:35:13 Обработано -   5 записей 15.01.2000 15:35:30
16.01.2000 08:19:14 Обработано -   3 записей 16.01.2000 08:19:31
16.01.2000 08:45:06 Обработано -   4 записей 16.01.2000 08:45:21
17.01.2000 08:55:07 Обработано -   3 записей 17.01.2000 08:55:22
17.01.2000 10:19:56 Обработано -   1 записей 17.01.2000 10:20:07
17.01.2000 10:51:26 Обработано -   3 записей 17.01.2000 10:51:44
17.01.2000 11:31:06 Обработано -   1 записей 17.01.2000 11:31:17
17.01.2000 12:29:08 Обработано -   2 записей 17.01.2000 12:29:19
17.01.2000 13:25:07 Обработано -  25 записей 17.01.2000 13:25:35
17.01.2000 14:11:06 Обработано -   1 записей 17.01.2000 14:11:21
17.01.2000 15:21:16 Обработано -   1 записей 17.01.2000 15:21:30
17.01.2000 17:19:04 Обработано -   1 записей 17.01.2000 17:19:14
17.01.2000 18:21:20 Обработано -  24 записей 17.01.2000 18:21:52
17.01.2000 19:15:18 Обработано -   9 записей 17.01.2000 19:15:36
18.01.2000 09:59:19 Обработано -   2 записей 18.01.2000 09:59:34
18.01.2000 11:31:25 Обработано -  11 записей 18.01.2000 11:31:45
18.01.2000 11:51:19 Обработано -   2 записей 18.01.2000 11:51:33
18.01.2000 14:03:15 Обработано -  15 записей 18.01.2000 14:03:33
18.01.2000 17:29:18 Обработано -  13 записей 18.01.2000 17:29:38
18.01.2000 18:03:12 Обработано -   4 записей 18.01.2000 18:03:28
18.01.2000 18:47:11 Обработано -   9 записей 18.01.2000 18:47:31
19.01.2000 09:43:20 Обработано -   3 записей 19.01.2000 09:43:36
19.01.2000 10:07:14 Обработано -   1 записей 19.01.2000 10:07:28
19.01.2000 12:53:13 Обработано -   3 записей 19.01.2000 12:53:26
19.01.2000 13:33:15 Обработано -  19 записей 19.01.2000 13:33:32
19.01.2000 14:15:10 Обработано -   2 записей 19.01.2000 14:15:25
19.01.2000 16:31:34 Обработано -   1 записей 19.01.2000 16:31:53
19.01.2000 18:21:27 Обработано -  36 записей 19.01.2000 18:22:10
19.01.2000 18:45:15 Обработано -   3 записей 19.01.2000 18:45:35
20.01.2000 09:37:20 Обработано -   3 записей 20.01.2000 09:37:40
20.01.2000 10:33:16 Обработано -   1 записей 20.01.2000 10:33:32
20.01.2000 12:37:16 Обработано -   5 записей 20.01.2000 12:37:30
20.01.2000 13:27:16 Обработано -   1 записей 20.01.2000 13:27:29
20.01.2000 14:31:24 Обработано -  25 записей 20.01.2000 14:31:45
20.01.2000 14:53:23 Обработано -   1 записей 20.01.2000 14:53:36
20.01.2000 15:31:22 Обработано -   3 записей 20.01.2000 15:31:38
20.01.2000 15:53:16 Обработано -   1 записей 20.01.2000 15:53:36
20.01.2000 16:17:47 Обработано -   1 записей 20.01.2000 16:18:02
20.01.2000 17:41:21 Обработано -  29 записей 20.01.2000 17:41:45
20.01.2000 19:13:19 Обработано -  34 записей 20.01.2000 19:13:52
20.01.2000 20:19:21 Обработано -  23 записей 20.01.2000 20:19:48
20.01.2000 20:53:19 Обработано -  45 записей 20.01.2000 20:53:51
21.01.2000 09:51:21 Обработано -   1 записей 21.01.2000 09:51:44
21.01.2000 11:13:26 Обработано -   5 записей 21.01.2000 11:13:46
21.01.2000 13:19:28 Обработано -  24 записей 21.01.2000 13:19:58
21.01.2000 15:39:30 Обработано -   2 записей 21.01.2000 15:39:51
21.01.2000 15:57:30 Обработано -   1 записей 21.01.2000 15:57:52
21.01.2000 18:13:34 Обработано -  85 записей 21.01.2000 18:14:45
21.01.2000 19:13:2721.01.2000 19:13:39
22.01.2000 12:59:30 Обработано -   5 записей 22.01.2000 13:00:01
22.01.2000 13:51:29 Обработано -   9 записей 22.01.2000 13:51:59
22.01.2000 15:15:24 Обработано -   6 записей 22.01.2000 15:15:49
24.01.2000 11:39:36 Обработано -  16 записей 24.01.2000 11:40:13
24.01.2000 13:51:34 Обработано -  27 записей 24.01.2000 13:52:07
24.01.2000 15:55:24 Обработано -   2 записей 24.01.2000 15:55:44
24.01.2000 16:33:32 Обработано -   1 записей 24.01.2000 16:33:52
24.01.2000 16:51:34 Обработано -  15 записей 24.01.2000 16:52:03
24.01.2000 17:21:31 Обработано -   1 записей 24.01.2000 17:21:52
24.01.2000 17:39:29 Обработано -   2 записей 24.01.2000 17:39:51
24.01.2000 17:49:38 Обработано -   2 записей 24.01.2000 17:50:00
24.01.2000 19:18:47 Обработано -  29 записей 24.01.2000 19:19:13
25.01.2000 08:37:30 Обработано -   2 записей 25.01.2000 08:37:52
25.01.2000 10:47:34 Обработано -   3 записей 25.01.2000 10:47:54
25.01.2000 11:43:27 Обработано -   4 записей 25.01.2000 11:43:50
25.01.2000 14:11:39 Обработано -  11 записей 25.01.2000 14:11:59
25.01.2000 16:59:35 Обработано -   1 записей 25.01.2000 16:59:58
25.01.2000 18:15:41 Обработано -  28 записей 25.01.2000 18:16:28
25.01.2000 18:25:48 Обработано -   2 записей 25.01.2000 18:26:12
25.01.2000 19:13:37 Обработано -   5 записей 25.01.2000 19:14:00
26.01.2000 10:25:27 Обработано -   1 записей 26.01.2000 10:25:48
26.01.2000 10:45:47 Обработано -   3 записей 26.01.2000 10:46:17
26.01.2000 12:09:28 Обработано -   1 записей 26.01.2000 12:09:46
26.01.2000 13:31:36 Обработано -  10 записей 26.01.2000 13:32:01
26.01.2000 16:53:52 Обработано -   4 записей 26.01.2000 16:54:24
26.01.2000 18:51:39 Обработано -  67 записей 26.01.2000 18:52:23
26.01.2000 19:11:35 Обработано -  16 записей 26.01.2000 19:12:04
26.01.2000 20:31:32 Обработано -   3 записей 26.01.2000 20:32:01
27.01.2000 09:19:29 Обработано -   2 записей 27.01.2000 09:19:48
27.01.2000 13:53:38 Обработано -  16 записей 27.01.2000 13:54:00
27.01.2000 15:43:43 Обработано -   1 записей 27.01.2000 15:44:05
27.01.2000 15:47:31 Обработано -   1 записей 27.01.2000 15:47:49
27.01.2000 16:53:33 Обработано -  26 записей 27.01.2000 16:54:09
27.01.2000 17:45:39 Обработано -   1 записей 27.01.2000 17:46:04
27.01.2000 18:43:35 Обработано -   2 записей 27.01.2000 18:43:59
27.01.2000 18:53:43 Обработано -   1 записей 27.01.2000 18:54:03
27.01.2000 19:11:43 Обработано -  35 записей 27.01.2000 19:12:21
28.01.2000 09:03:38 Обработано -   2 записей 28.01.2000 09:04:00
28.01.2000 10:45:33 Обработано -   1 записей 28.01.2000 10:45:50
28.01.2000 12:55:32 Обработано -   1 записей 28.01.2000 12:55:50
28.01.2000 13:07:35 Обработано -  15 записей 28.01.2000 13:07:57
28.01.2000 15:25:33 Обработано -   2 записей 28.01.2000 15:25:50
28.01.2000 16:41:34 Обработано -   2 записей 28.01.2000 16:41:53
28.01.2000 18:29:43 Обработано -  17 записей 28.01.2000 18:30:12
28.01.2000 19:10:06 Обработано -  20 записей 28.01.2000 19:10:39
28.01.2000 19:12:22 Обработано -  20 записей 28.01.2000 19:12:42
28.01.2000 19:27:43 Обработано -   1 записей 28.01.2000 19:28:02
29.01.2000 14:41:41 Обработано -  12 записей 29.01.2000 14:42:08
29.01.2000 15:03:51 Обработано -   5 записей 29.01.2000 15:04:16
29.01.2000 15:11:49 Обработано -   1 записей 29.01.2000 15:12:10
30.01.2000 13:49:51 Обработано -   2 записей 30.01.2000 13:50:11
31.01.2000 09:51:50 Обработано -   1 записей 31.01.2000 09:52:06
31.01.2000 10:35:42 Обработано -   3 записей 31.01.2000 10:36:03
31.01.2000 11:07:41 Обработано -   2 записей 31.01.2000 11:07:57
31.01.2000 12:29:45 Обработано -   9 записей 31.01.2000 12:30:04
31.01.2000 13:31:41 Обработано -  15 записей 31.01.2000 13:32:06
31.01.2000 15:43:55 Обработано -   1 записей 31.01.2000 15:44:08
31.01.2000 16:53:41 Обработано -  47 записей 31.01.2000 16:54:14
31.01.2000 18:09:46 Обработано -   5 записей 31.01.2000 18:10:05
31.01.2000 18:18:09 Обработано -   1 записей 31.01.2000 18:18:25
31.01.2000 19:13:53 Обработано -  84 записей 31.01.2000 19:14:39
31.01.2000 19:41:55 Обработано -  24 записей 31.01.2000 19:42:27
01.02.2000 11:05:57 Обработано -   1 записей 01.02.2000 11:06:17
01.02.2000 11:39:51 Обработано -   2 записей 01.02.2000 11:40:06
01.02.2000 12:51:46 Обработано -  46 записей 01.02.2000 12:52:24
01.02.2000 12:59:58 Обработано -   2 записей 01.02.2000 13:00:21
01.02.2000 14:07:49 Обработано -  13 записей 01.02.2000 14:08:16
01.02.2000 14:21:57 Обработано -   4 записей 01.02.2000 14:22:26
01.02.2000 17:13:46 Обработано -   4 записей 01.02.2000 17:14:07
01.02.2000 17:39:43 Обработано -  24 записей 01.02.2000 17:40:19
01.02.2000 19:19:52 Обработано -   1 записей 01.02.2000 19:20:20
01.02.2000 19:23:54 Обработано -   1 записей 01.02.2000 19:24:14
02.02.2000 10:07:57 Обработано -   4 записей 02.02.2000 10:08:22
02.02.2000 10:37:51 Обработано -   2 записей 02.02.2000 10:38:10
02.02.2000 12:13:47 Обработано -   8 записей 02.02.2000 12:14:07
02.02.2000 12:57:45 Обработано -   1 записей 02.02.2000 12:58:05
02.02.2000 14:07:46 Обработано -   1 записей 02.02.2000 14:08:05
02.02.2000 14:11:46 Обработано -   1 записей 02.02.2000 14:12:06
02.02.2000 14:25:53 Обработано -   1 записей 02.02.2000 14:26:12
02.02.2000 17:51:48 Обработано -   1 записей 02.02.2000 17:52:10
02.02.2000 17:55:45 Обработано -   2 записей 02.02.2000 17:56:04
02.02.2000 18:27:47 Обработано -  19 записей 02.02.2000 18:28:17
02.02.2000 18:53:46 Обработано -   5 записей 02.02.2000 18:54:08
02.02.2000 19:27:47 Обработано -  46 записей 02.02.2000 19:28:28
03.02.2000 10:03:49 Обработано -   5 записей 03.02.2000 10:04:19
03.02.2000 12:49:48 Обработано -   2 записей 03.02.2000 12:50:01
03.02.2000 13:24:01 Обработано -  27 записей 03.02.2000 13:24:22
03.02.2000 18:22:06 Обработано -  22 записей 03.02.2000 18:22:30
03.02.2000 19:54:00 Обработано -  30 записей 03.02.2000 19:54:22
04.02.2000 10:26:02 Обработано -   3 записей 04.02.2000 10:26:22
04.02.2000 10:57:52 Обработано -   1 записей 04.02.2000 10:58:04
04.02.2000 13:58:02 Обработано -  11 записей 04.02.2000 13:58:19
04.02.2000 14:14:00 Обработано -   2 записей 04.02.2000 14:14:15
04.02.2000 14:18:33 Обработано -   1 записей 04.02.2000 14:18:52
04.02.2000 14:57:55 Обработано -   1 записей 04.02.2000 14:58:08
04.02.2000 16:41:55 Обработано -   4 записей 04.02.2000 16:42:09
04.02.2000 17:26:02 Обработано -  46 записей 04.02.2000 17:26:29
04.02.2000 18:32:02 Обработано -   3 записей 04.02.2000 18:32:19
04.02.2000 19:28:02 Обработано -  45 записей 04.02.2000 19:28:32
04.02.2000 19:39:56 Обработано -  17 записей 04.02.2000 19:40:19
05.02.2000 12:09:58 Обработано -   1 записей 05.02.2000 12:10:16
05.02.2000 14:12:27 Обработано -  17 записей 05.02.2000 14:12:50
05.02.2000 14:14:40 Обработано -  17 записей 05.02.2000 14:14:57
05.02.2000 15:28:04 Обработано -  34 записей 05.02.2000 15:28:32
06.02.2000 10:32:07 Обработано -   1 записей 06.02.2000 10:32:27
06.02.2000 10:38:08 Обработано -   1 записей 06.02.2000 10:38:26
06.02.2000 10:52:07 Обработано -   3 записей 06.02.2000 10:52:26
06.02.2000 15:00:00 Обработано -   1 записей 06.02.2000 15:00:17
06.02.2000 15:59:59 Обработано -  15 записей 06.02.2000 16:00:21
06.02.2000 17:12:00 Обработано -   2 записей 06.02.2000 17:12:19
06.02.2000 17:32:05 Обработано -   1 записей 06.02.2000 17:32:24
06.02.2000 17:38:09 Обработано -   1 записей 06.02.2000 17:38:27
07.02.2000 10:12:13 Обработано -   5 записей 07.02.2000 10:12:35
07.02.2000 10:20:19 Обработано -   1 записей 07.02.2000 10:20:38
07.02.2000 11:02:00 Обработано -   1 записей 07.02.2000 11:02:16
07.02.2000 11:30:07 Обработано -   1 записей 07.02.2000 11:30:23
07.02.2000 14:10:00 Обработано -   8 записей 07.02.2000 14:10:19
07.02.2000 15:34:02 Обработано -   1 записей 07.02.2000 15:34:19
07.02.2000 16:32:03 Обработано -   1 записей 07.02.2000 16:32:20
07.02.2000 18:10:04 Обработано -  32 записей 07.02.2000 18:10:30
07.02.2000 19:10:02 Обработано -   4 записей 07.02.2000 19:10:21
07.02.2000 19:26:38 Обработано -   2 записей 07.02.2000 19:27:05
07.02.2000 20:00:05 Обработано -   1 записей 07.02.2000 20:00:23
08.02.2000 08:42:01 Обработано -   2 записей 08.02.2000 08:42:20
08.02.2000 09:04:08 Обработано -   4 записей 08.02.2000 09:04:30
08.02.2000 09:44:05 Обработано -   2 записей 08.02.2000 09:44:20
08.02.2000 10:08:03 Обработано -   1 записей 08.02.2000 10:08:18
08.02.2000 11:12:02 Обработано -   3 записей 08.02.2000 11:12:18
08.02.2000 11:48:02 Обработано -   1 записей 08.02.2000 11:48:17
08.02.2000 14:04:15 Обработано -  28 записей 08.02.2000 14:04:44
08.02.2000 16:04:03 Обработано -   3 записей 08.02.2000 16:04:20
08.02.2000 17:30:09 Обработано -   2 записей 08.02.2000 17:30:26
08.02.2000 18:22:19 Обработано -  23 записей 08.02.2000 18:22:52
08.02.2000 19:40:10 Обработано -   8 записей 08.02.2000 19:40:32
09.02.2000 08:36:05 Обработано -   1 записей 09.02.2000 08:36:23
09.02.2000 09:14:05 Обработано -   1 записей 09.02.2000 09:14:21
09.02.2000 09:44:09 Обработано -   2 записей 09.02.2000 09:44:25
09.02.2000 10:08:06 Обработано -   5 записей 09.02.2000 10:08:23
09.02.2000 10:30:17 Обработано -   3 записей 09.02.2000 10:30:39
09.02.2000 12:00:05 Обработано -   1 записей 09.02.2000 12:00:22
09.02.2000 12:48:07 Обработано -   1 записей 09.02.2000 12:48:23
09.02.2000 13:28:05 Обработано -  28 записей 09.02.2000 13:28:30
09.02.2000 14:40:09 Обработано -   1 записей 09.02.2000 14:40:26
09.02.2000 15:44:10 Обработано -   3 записей 09.02.2000 15:44:27
09.02.2000 15:52:11 Обработано -   3 записей 09.02.2000 15:52:28
09.02.2000 18:02:15 Обработано -  28 записей 09.02.2000 18:02:43
09.02.2000 18:14:15 Обработано -   9 записей 09.02.2000 18:14:47
09.02.2000 19:14:16 Обработано -  20 записей 09.02.2000 19:14:41
10.02.2000 09:06:09 Обработано -   1 записей 10.02.2000 09:06:31
10.02.2000 10:06:07 Обработано -   5 записей 10.02.2000 10:06:26
10.02.2000 11:20:03 Обработано -   1 записей 10.02.2000 11:20:19
10.02.2000 12:32:09 Обработано -   1 записей 10.02.2000 12:32:27
10.02.2000 14:14:11 Обработано -  22 записей 10.02.2000 14:14:36
10.02.2000 14:32:13 Обработано -   1 записей 10.02.2000 14:32:31