Завершение приложения MASTER: 29.12.2007 12:41:02 пользователь: SYAKIMSCEVA

-----------------------------------------------------------
Запуск приложения MASTER: 29.12.2007 12:41:09 пользователь: SYAKIMSCEVA
Завершение приложения MASTER: 29.12.2007 12:47:59 пользователь: VPOPOV

Завершение приложения MASTER: 29.12.2007 13:03:40 пользователь: SYAKIMSCEVA

-----------------------------------------------------------
Запуск приложения MASTER: 29.12.2007 13:03:47 пользователь: SYAKIMSCEVA
-----------------------------------------------------------
Запуск приложения MASTER: 29.12.2007 13:09:05 пользователь: NPOPOV
Завершение приложения MASTER: 29.12.2007 13:28:41 пользователь: LUTKOVA

-----------------------------------------------------------
Запуск приложения MASTER: 29.12.2007 13:49:55 пользователь: DERMOLOV
Завершение приложения MASTER: 29.12.2007 13:53:07 пользователь: IMOLOKOEDOVA

Завершение приложения MASTER: 29.12.2007 14:02:20 пользователь: OUSENHAN

Завершение приложения MASTER: 29.12.2007 14:06:02 пользователь: VANUFRIEVA

Завершение приложения MASTER: 29.12.2007 14:14:26 пользователь: MVOKUEVA

Завершение приложения MASTER: 29.12.2007 14:19:49 пользователь: NVTARASOVA

-----------------------------------------------------------
Запуск приложения MASTER: 29.12.2007 14:20:35 пользователь: NPOPOV
Завершение приложения MASTER: 29.12.2007 14:21:40 пользователь: NPOPOV

-----------------------------------------------------------
Запуск приложения MASTER: 29.12.2007 14:24:13 пользователь: VPOPOV
Завершение приложения MASTER: 29.12.2007 14:43:27 пользователь: SYAKIMSCEVA

-----------------------------------------------------------
Запуск приложения MASTER: 29.12.2007 14:43:59 пользователь: SYAKIMSCEVA
Завершение приложения MASTER: 29.12.2007 14:44:02 пользователь: SYAKIMSCEVA

-----------------------------------------------------------
Запуск приложения MASTER: 29.12.2007 14:53:51 пользователь: NPOPOV
Завершение приложения MASTER: 29.12.2007 15:10:12 пользователь: DERMOLOV

-----------------------------------------------------------
Запуск приложения MASTER: 29.12.2007 15:10:17 пользователь: DERMOLOV
Завершение приложения MASTER: 29.12.2007 15:47:53 пользователь: NPOPOV

Завершение приложения MASTER: 29.12.2007 15:52:00 пользователь: RMUKHAMETOVA

-----------------------------------------------------------
Запуск приложения MASTER: 29.12.2007 15:52:29 пользователь: LDUNAEVA
Завершение приложения MASTER: 29.12.2007 16:13:36 пользователь: VPOPOV

Завершение приложения MASTER: 29.12.2007 16:23:59 пользователь: AZARIPOV

-----------------------------------------------------------
Запуск приложения MASTER: 29.12.2007 16:26:19 пользователь: SANTONOV
Завершение приложения MASTER: 29.12.2007 16:26:38 пользователь: SANTONOV

-----------------------------------------------------------
Запуск приложения MASTER: 29.12.2007 16:41:05 пользователь: SANTONOV
Завершение приложения MASTER: 29.12.2007 16:54:42 пользователь: JKARTASHOV

-----------------------------------------------------------
Запуск приложения MASTER: 29.12.2007 17:00:25 пользователь: VANUFRIEVA
Завершение приложения MASTER: 29.12.2007 18:03:42 пользователь: OKIRILLOVA

Завершение приложения MASTER: 29.12.2007 18:04:13 пользователь: LDUNAEVA

Завершение приложения MASTER: 29.12.2007 18:07:08 пользователь: DERMOLOV

-----------------------------------------------------------
Запуск приложения MASTER: 29.12.2007 18:07:44 пользователь: DERMOLOV
Завершение приложения MASTER: 29.12.2007 18:08:52 пользователь: DERMOLOV

Завершение приложения MASTER: 29.12.2007 18:13:46 пользователь: VANUFRIEVA

-----------------------------------------------------------
Запуск приложения MASTER: 29.12.2007 18:42:19 пользователь: VMATUCHEV
Завершение приложения MASTER: 29.12.2007 18:57:33 пользователь: VMATUCHEV

-----------------------------------------------------------
Запуск приложения MASTER: 30.12.2007 00:29:06 пользователь: KOMILUK
Завершение приложения MASTER: 30.12.2007 00:31:22 пользователь: KOMILUK

-----------------------------------------------------------
Запуск приложения MASTER: 30.12.2007 03:17:40 пользователь: KOMILUK
Завершение приложения MASTER: 30.12.2007 03:21:49 пользователь: KOMILUK

-----------------------------------------------------------
Запуск приложения MASTER: 30.12.2007 05:28:35 пользователь: KOMILUK
Завершение приложения MASTER: 30.12.2007 05:32:37 пользователь: KOMILUK

-----------------------------------------------------------
Запуск приложения MASTER: 30.12.2007 07:30:10 пользователь: SYSTEMUSER
Завершение приложения MASTER: 30.12.2007 07:31:57 пользователь: SYSTEMUSER

-----------------------------------------------------------
Запуск приложения MASTER: 30.12.2007 07:32:04 пользователь: SYSTEMUSER
-----------------------------------------------------------
Запуск приложения MASTER: 30.12.2007 07:32:24 пользователь: SYSTEMUSER
-----------------------------------------------------------
Запуск приложения MASTER: 30.12.2007 07:32:58 пользователь: SYSTEMUSER
-----------------------------------------------------------
Запуск приложения MASTER: 30.12.2007 07:33:14 пользователь: SYSTEMUSER
-----------------------------------------------------------
Запуск приложения MASTER: 30.12.2007 07:34:29 пользователь: SYSTEMUSER
-----------------------------------------------------------
Запуск приложения MASTER: 30.12.2007 07:35:09 пользователь: SYSTEMUSER
-----------------------------------------------------------
Запуск приложения MASTER: 30.12.2007 07:35:24 пользователь: SYSTEMUSER
-----------------------------------------------------------
Запуск приложения MASTER: 30.12.2007 07:35:41 пользователь: SYSTEMUSER
-----------------------------------------------------------
Запуск приложения MASTER: 30.12.2007 07:36:36 пользователь: SYSTEMUSER
-----------------------------------------------------------
Запуск приложения MASTER: 30.12.2007 07:36:45 пользователь: SYSTEMUSER
-----------------------------------------------------------
Запуск приложения MASTER: 30.12.2007 07:36:58 пользователь: SYSTEMUSER
-----------------------------------------------------------
Запуск приложения MASTER: 30.12.2007 07:37:25 пользователь: SYSTEMUSER
-----------------------------------------------------------
Запуск приложения MASTER: 30.12.2007 07:37:42 пользователь: SYSTEMUSER
-----------------------------------------------------------
Запуск приложения MASTER: 30.12.2007 07:38:14 пользователь: SYSTEMUSER
-----------------------------------------------------------
Запуск приложения MASTER: 30.12.2007 07:38:50 пользователь: SYSTEMUSER
-----------------------------------------------------------
Запуск приложения MASTER: 30.12.2007 07:40:05 пользователь: SYSTEMUSER
-----------------------------------------------------------
Запуск приложения MASTER: 30.12.2007 07:40:45 пользователь: SYSTEMUSER
-----------------------------------------------------------
Запуск приложения MASTER: 30.12.2007 09:47:16 пользователь: DERMOLOV
-----------------------------------------------------------
Запуск приложения MASTER: 30.12.2007 09:55:29 пользователь: OKIRILLOVA
-----------------------------------------------------------
Запуск приложения MASTER: 30.12.2007 11:33:23 пользователь: AZARIPOV
Завершение приложения MASTER: 30.12.2007 11:56:13 пользователь: APAVLYUSHIN

Завершение приложения MASTER: 30.12.2007 13:04:49 пользователь: OKIRILLOVA

Завершение приложения MASTER: 30.12.2007 13:32:50 пользователь: DERMOLOV

-----------------------------------------------------------
Запуск приложения MASTER: 30.12.2007 13:32:54 пользователь: DERMOLOV
Завершение приложения MASTER: 30.12.2007 14:24:37 пользователь: AZARIPOV

-----------------------------------------------------------
Запуск приложения MASTER: 30.12.2007 14:40:37 пользователь: OKIRILLOVA
Завершение приложения MASTER: 30.12.2007 15:18:34 пользователь: DERMOLOV

-----------------------------------------------------------
Запуск приложения MASTER: 30.12.2007 15:18:38 пользователь: DERMOLOV
Завершение приложения MASTER: 30.12.2007 15:23:10 пользователь: DERMOLOV

Завершение приложения MASTER: 30.12.2007 15:50:01 пользователь: OKIRILLOVA

-----------------------------------------------------------
Запуск приложения MASTER: 30.12.2007 19:13:39 пользователь: VMATUCHEV
Завершение приложения MASTER: 30.12.2007 19:35:33 пользователь: VMATUCHEV

-----------------------------------------------------------
Запуск приложения MASTER: 31.12.2007 04:06:41 пользователь: KOMILUK
Завершение приложения MASTER: 31.12.2007 04:10:22 пользователь: KOMILUK

-----------------------------------------------------------
Запуск приложения MASTER: 31.12.2007 04:22:01 пользователь: KOMILUK
Завершение приложения MASTER: 31.12.2007 04:23:54 пользователь: KOMILUK

-----------------------------------------------------------
Запуск приложения MASTER: 31.12.2007 06:01:56 пользователь: KOMILUK
Завершение приложения MASTER: 31.12.2007 06:04:55 пользователь: KOMILUK

-----------------------------------------------------------
Запуск приложения MASTER: 31.12.2007 07:28:50 пользователь: KOMILUK
Завершение приложения MASTER: 31.12.2007 07:28:54 пользователь: KOMILUK

-----------------------------------------------------------
Запуск приложения MASTER: 31.12.2007 07:30:10 пользователь: SYSTEMUSER
Завершение приложения MASTER: 31.12.2007 07:31:58 пользователь: SYSTEMUSER

-----------------------------------------------------------
Запуск приложения MASTER: 31.12.2007 07:32:05 пользователь: SYSTEMUSER
-----------------------------------------------------------
Запуск приложения MASTER: 31.12.2007 07:32:20 пользователь: SYSTEMUSER
-----------------------------------------------------------
Запуск приложения MASTER: 31.12.2007 07:32:54 пользователь: SYSTEMUSER
-----------------------------------------------------------
Запуск приложения MASTER: 31.12.2007 07:33:12 пользователь: SYSTEMUSER
-----------------------------------------------------------
Запуск приложения MASTER: 31.12.2007 07:34:20 пользователь: SYSTEMUSER
-----------------------------------------------------------
Запуск приложения MASTER: 31.12.2007 07:35:01 пользователь: SYSTEMUSER
-----------------------------------------------------------
Запуск приложения MASTER: 31.12.2007 07:35:15 пользователь: SYSTEMUSER
-----------------------------------------------------------
Запуск приложения MASTER: 31.12.2007 07:35:33 пользователь: SYSTEMUSER
-----------------------------------------------------------
Запуск приложения MASTER: 31.12.2007 07:36:20 пользователь: SYSTEMUSER
-----------------------------------------------------------
Запуск приложения MASTER: 31.12.2007 07:36:29 пользователь: SYSTEMUSER
-----------------------------------------------------------
Запуск приложения MASTER: 31.12.2007 07:36:41 пользователь: SYSTEMUSER
-----------------------------------------------------------
Запуск приложения MASTER: 31.12.2007 07:37:06 пользователь: SYSTEMUSER
-----------------------------------------------------------
Запуск приложения MASTER: 31.12.2007 07:37:20 пользователь: SYSTEMUSER
-----------------------------------------------------------
Запуск приложения MASTER: 31.12.2007 07:37:55 пользователь: SYSTEMUSER
-----------------------------------------------------------
Запуск приложения MASTER: 31.12.2007 07:38:24 пользователь: SYSTEMUSER
-----------------------------------------------------------
Запуск приложения MASTER: 31.12.2007 07:39:55 пользователь: SYSTEMUSER
-----------------------------------------------------------
Запуск приложения MASTER: 31.12.2007 07:41:04 пользователь: SYSTEMUSER
-----------------------------------------------------------
Запуск приложения MASTER: 31.12.2007 10:00:07 пользователь: KOMILUK
-----------------------------------------------------------
Запуск приложения MASTER: 31.12.2007 10:08:24 пользователь: SESIKOVA
Завершение приложения MASTER: 31.12.2007 10:51:06 пользователь: KOMILUK

-----------------------------------------------------------
Запуск приложения MASTER: 31.12.2007 11:05:24 пользователь: AZARIPOV
-----------------------------------------------------------
Запуск приложения MASTER: 31.12.2007 11:13:28 пользователь: NPOPOV
Завершение приложения MASTER: 31.12.2007 11:23:24 пользователь: NPOPOV

Завершение приложения MASTER: 31.12.2007 11:33:41 пользователь: AZARIPOV

-----------------------------------------------------------
Запуск приложения MASTER: 31.12.2007 15:45:09 пользователь: KOMILUK
Завершение приложения MASTER: 31.12.2007 16:04:57 пользователь: KOMILUK

-----------------------------------------------------------
Запуск приложения MASTER: 31.12.2007 19:03:43 пользователь: KOMILUK
Завершение приложения MASTER: 31.12.2007 19:08:55 пользователь: KOMILUK

-----------------------------------------------------------
Запуск приложения MASTER: 01.01.2008 03:07:48 пользователь: KOMILUK
Завершение приложения MASTER: 01.01.2008 03:24:32 пользователь: KOMILUK

-----------------------------------------------------------
Запуск приложения MASTER: 01.01.2008 03:24:38 пользователь: KOMILUK
Завершение приложения MASTER: 01.01.2008 03:50:53 пользователь: KOMILUK

-----------------------------------------------------------
Запуск приложения MASTER: 01.01.2008 07:30:37 пользователь: SYSTEMUSER
Завершение приложения MASTER: 01.01.2008 07:32:26 пользователь: SYSTEMUSER

-----------------------------------------------------------
Запуск приложения MASTER: 01.01.2008 07:32:40 пользователь: SYSTEMUSER
-----------------------------------------------------------
Запуск приложения MASTER: 01.01.2008 07:33:06 пользователь: SYSTEMUSER
-----------------------------------------------------------
Запуск приложения MASTER: 01.01.2008 07:34:07 пользователь: SYSTEMUSER
-----------------------------------------------------------
Запуск приложения MASTER: 01.01.2008 07:35:04 пользователь: SYSTEMUSER
-----------------------------------------------------------
Запуск приложения MASTER: 01.01.2008 07:37:03 пользователь: SYSTEMUSER
-----------------------------------------------------------
Запуск приложения MASTER: 01.01.2008 07:37:50 пользователь: SYSTEMUSER
-----------------------------------------------------------
Запуск приложения MASTER: 01.01.2008 07:38:13 пользователь: SYSTEMUSER
-----------------------------------------------------------
Запуск приложения MASTER: 01.01.2008 07:38:36 пользователь: SYSTEMUSER
-----------------------------------------------------------
Запуск приложения MASTER: 01.01.2008 07:39:24 пользователь: SYSTEMUSER
-----------------------------------------------------------
Запуск приложения MASTER: 01.01.2008 07:39:31 пользователь: SYSTEMUSER
-----------------------------------------------------------
Запуск приложения MASTER: 01.01.2008 07:39:45 пользователь: SYSTEMUSER
-----------------------------------------------------------
Запуск приложения MASTER: 01.01.2008 07:40:08 пользователь: SYSTEMUSER
-----------------------------------------------------------
Запуск приложения MASTER: 01.01.2008 07:40:26 пользователь: SYSTEMUSER
-----------------------------------------------------------
Запуск приложения MASTER: 01.01.2008 07:41:13 пользователь: SYSTEMUSER
-----------------------------------------------------------
Запуск приложения MASTER: 01.01.2008 07:41:28 пользователь: SYSTEMUSER
-----------------------------------------------------------
Запуск приложения MASTER: 01.01.2008 07:43:04 пользователь: SYSTEMUSER
-----------------------------------------------------------
Запуск приложения MASTER: 01.01.2008 07:43:58 пользователь: SYSTEMUSER
-----------------------------------------------------------
Запуск приложения MASTER: 01.01.2008 08:56:51 пользователь: KOMILUK
Завершение приложения MASTER: 01.01.2008 09:06:48 пользователь: KOMILUK

-----------------------------------------------------------
Запуск приложения MASTER: 01.01.2008 13:55:20 пользователь: DERMOLOV
Завершение приложения MASTER: 01.01.2008 15:40:11 пользователь: DERMOLOV

-----------------------------------------------------------
Запуск приложения MASTER: 01.01.2008 15:40:57 пользователь: DERMOLOV
Завершение приложения MASTER: 01.01.2008 15:57:07 пользователь: DERMOLOV

-----------------------------------------------------------
Запуск приложения MASTER: 01.01.2008 21:55:13 пользователь: KOMILUK
Завершение приложения MASTER: 01.01.2008 21:57:57 пользователь: KOMILUK

-----------------------------------------------------------
Запуск приложения MASTER: 02.01.2008 00:35:31 пользователь: KOMILUK
Завершение приложения MASTER: 02.01.2008 00:45:48 пользователь: KOMILUK

-----------------------------------------------------------
Запуск приложения MASTER: 02.01.2008 05:01:12 пользователь: VMATUCHEV
Завершение приложения MASTER: 02.01.2008 05:16:23 пользователь: VMATUCHEV

-----------------------------------------------------------
Запуск приложения MASTER: 02.01.2008 07:30:12 пользователь: SYSTEMUSER
Завершение приложения MASTER: 02.01.2008 07:31:02 пользователь: SYSTEMUSER

-----------------------------------------------------------
Запуск приложения MASTER: 02.01.2008 07:31:07 пользователь: SYSTEMUSER
-----------------------------------------------------------
Запуск приложения MASTER: 02.01.2008 07:31:22 пользователь: SYSTEMUSER
-----------------------------------------------------------
Запуск приложения MASTER: 02.01.2008 07:31:34 пользователь: SYSTEMUSER
-----------------------------------------------------------
Запуск приложения MASTER: 02.01.2008 07:31:43 пользователь: SYSTEMUSER
-----------------------------------------------------------
Запуск приложения MASTER: 02.01.2008 07:32:38 пользователь: SYSTEMUSER
-----------------------------------------------------------
Запуск приложения MASTER: 02.01.2008 07:33:17 пользователь: SYSTEMUSER
-----------------------------------------------------------
Запуск приложения MASTER: 02.01.2008 07:33:23 пользователь: SYSTEMUSER
-----------------------------------------------------------
Запуск приложения MASTER: 02.01.2008 07:33:29 пользователь: SYSTEMUSER
-----------------------------------------------------------
Запуск приложения MASTER: 02.01.2008 07:33:37 пользователь: SYSTEMUSER
-----------------------------------------------------------
Запуск приложения MASTER: 02.01.2008 07:33:45 пользователь: SYSTEMUSER
-----------------------------------------------------------
Запуск приложения MASTER: 02.01.2008 07:33:52 пользователь: SYSTEMUSER
-----------------------------------------------------------
Запуск приложения MASTER: 02.01.2008 07:33:58 пользователь: SYSTEMUSER
-----------------------------------------------------------
Запуск приложения MASTER: 02.01.2008 07:34:16 пользователь: SYSTEMUSER
-----------------------------------------------------------
Запуск приложения MASTER: 02.01.2008 07:34:27 пользователь: SYSTEMUSER
-----------------------------------------------------------
Запуск приложения MASTER: 02.01.2008 07:34:58 пользователь: SYSTEMUSER
-----------------------------------------------------------
Запуск приложения MASTER: 02.01.2008 07:37:12 пользователь: SYSTEMUSER
-----------------------------------------------------------
Запуск приложения MASTER: 02.01.2008 07:37:33 пользователь: SYSTEMUSER
-----------------------------------------------------------
Запуск приложения MASTER: 02.01.2008 08:49:48 пользователь: KOMILUK
Завершение приложения MASTER: 02.01.2008 08:53:17 пользователь: KOMILUK

-----------------------------------------------------------
Запуск приложения MASTER: 02.01.2008 10:57:47 пользователь: DERMOLOV
-----------------------------------------------------------
Запуск приложения MASTER: 02.01.2008 11:15:17 пользователь: IBELOZER
Завершение приложения MASTER: 02.01.2008 11:34:43 пользователь: DERMOLOV

-----------------------------------------------------------
Запуск приложения MASTER: 02.01.2008 11:36:22 пользователь: DERMOLOV
-----------------------------------------------------------
Запуск приложения MASTER: 02.01.2008 11:44:10 пользователь: KOMILUK
Завершение приложения MASTER: 02.01.2008 12:48:11 пользователь: IBELOZER

Завершение приложения MASTER: 02.01.2008 12:48:12 пользователь: IBELOZER

Завершение приложения MASTER: 02.01.2008 14:01:34 пользователь: KOMILUK

Завершение приложения MASTER: 02.01.2008 14:41:49 пользователь: DERMOLOV

-----------------------------------------------------------
Запуск приложения MASTER: 02.01.2008 17:01:52 пользователь: KOMILUK
Завершение приложения MASTER: 02.01.2008 17:09:35 пользователь: KOMILUK

-----------------------------------------------------------
Запуск приложения MASTER: 02.01.2008 21:22:25 пользователь: KOMILUK
Завершение приложения MASTER: 02.01.2008 21:27:54 пользователь: KOMILUK

-----------------------------------------------------------
Запуск приложения MASTER: 02.01.2008 22:23:07 пользователь: KOMILUK
Завершение приложения MASTER: 02.01.2008 22:26:33 пользователь: KOMILUK

-----------------------------------------------------------
Запуск приложения MASTER: 03.01.2008 00:03:39 пользователь: KOMILUK
Завершение приложения MASTER: 03.01.2008 00:09:04 пользователь: KOMILUK

-----------------------------------------------------------
Запуск приложения MASTER: 03.01.2008 05:03:19 пользователь: KOMILUK
Завершение приложения MASTER: 03.01.2008 06:43:48 пользователь: KOMILUK

-----------------------------------------------------------
Запуск приложения MASTER: 03.01.2008 07:30:28 пользователь: SYSTEMUSER
Завершение приложения MASTER: 03.01.2008 07:31:46 пользователь: SYSTEMUSER

-----------------------------------------------------------
Запуск приложения MASTER: 03.01.2008 07:31:53 пользователь: SYSTEMUSER
-----------------------------------------------------------
Запуск приложения MASTER: 03.01.2008 07:32:12 пользователь: SYSTEMUSER
-----------------------------------------------------------
Запуск приложения MASTER: 03.01.2008 07:32:24 пользователь: SYSTEMUSER
-----------------------------------------------------------
Запуск приложения MASTER: 03.01.2008 07:32:34 пользователь: SYSTEMUSER
-----------------------------------------------------------
Запуск приложения MASTER: 03.01.2008 07:33:27 пользователь: SYSTEMUSER
-----------------------------------------------------------
Запуск приложения MASTER: 03.01.2008 07:34:47 пользователь: SYSTEMUSER
-----------------------------------------------------------
Запуск приложения MASTER: 03.01.2008 07:35:03 пользователь: SYSTEMUSER
-----------------------------------------------------------
Запуск приложения MASTER: 03.01.2008 07:35:13 пользователь: SYSTEMUSER
-----------------------------------------------------------
Запуск приложения MASTER: 03.01.2008 07:35:20 пользователь: SYSTEMUSER
-----------------------------------------------------------
Запуск приложения MASTER: 03.01.2008 07:35:28 пользователь: SYSTEMUSER
-----------------------------------------------------------
Запуск приложения MASTER: 03.01.2008 07:35:36 пользователь: SYSTEMUSER
-----------------------------------------------------------
Запуск приложения MASTER: 03.01.2008 07:35:42 пользователь: SYSTEMUSER
-----------------------------------------------------------
Запуск приложения MASTER: 03.01.2008 07:35:56 пользователь: SYSTEMUSER
-----------------------------------------------------------
Запуск приложения MASTER: 03.01.2008 07:36:06 пользователь: SYSTEMUSER
-----------------------------------------------------------
Запуск приложения MASTER: 03.01.2008 07:36:55 пользователь: SYSTEMUSER
-----------------------------------------------------------
Запуск приложения MASTER: 03.01.2008 07:38:39 пользователь: SYSTEMUSER
-----------------------------------------------------------
Запуск приложения MASTER: 03.01.2008 07:39:19 пользователь: SYSTEMUSER
-----------------------------------------------------------
Запуск приложения MASTER: 03.01.2008 08:12:53 пользователь: KOMILUK
-----------------------------------------------------------
Запуск приложения MASTER: 03.01.2008 08:20:03 пользователь: LLAVROVA
-----------------------------------------------------------
Запуск приложения MASTER: 03.01.2008 08:34:20 пользователь: OUSENHAN
-----------------------------------------------------------
Запуск приложения MASTER: 03.01.2008 08:37:12 пользователь: VPOPOV
-----------------------------------------------------------
Запуск приложения MASTER: 03.01.2008 08:46:56 пользователь: RMUKHAMETOVA
-----------------------------------------------------------
Запуск приложения MASTER: 03.01.2008 08:47:48 пользователь: AZARIPOV
-----------------------------------------------------------
Запуск приложения MASTER: 03.01.2008 08:52:00 пользователь: NPOPOV
-----------------------------------------------------------
Запуск приложения MASTER: 03.01.2008 08:54:04 пользователь: GMOROZ
-----------------------------------------------------------
Запуск приложения MASTER: 03.01.2008 8:54:18 пользователь: LUTKOVA
Завершение приложения MASTER: 03.01.2008 08:56:28 пользователь: NPOPOV

Завершение приложения MASTER: 03.01.2008 08:58:39 пользователь: GMOROZ

Завершение приложения MASTER: 03.01.2008 08:59:18 пользователь: KOMILUK

-----------------------------------------------------------
Запуск приложения MASTER: 03.01.2008 09:06:14 пользователь: KOMILUK
Завершение приложения MASTER: 03.01.2008 09:07:06 пользователь: KOMILUK

Завершение приложения MASTER: 03.01.2008 09:11:02 пользователь: LLAVROVA

Завершение приложения MASTER: 03.01.2008 09:12:02 пользователь: OUSENHAN

-----------------------------------------------------------
Запуск приложения MASTER: 03.01.2008 09:12:23 пользователь: OUSENHAN
Завершение приложения MASTER: 03.01.2008 09:14:34 пользователь: OUSENHAN

-----------------------------------------------------------
Запуск приложения MASTER: 03.01.2008 09:19:10 пользователь: SYSTEMUSER
-----------------------------------------------------------
Запуск приложения MASTER: 03.01.2008 09:21:02 пользователь: NPOPOV
-----------------------------------------------------------
Запуск приложения MASTER: 03.01.2008 09:24:57 пользователь: SPROKUSHEV
-----------------------------------------------------------
Запуск приложения MASTER: 03.01.2008 09:30:41 пользователь: IMOLOKOEDOVA
Завершение приложения MASTER: 03.01.2008 09:32:11 пользователь: IMOLOKOEDOVA

-----------------------------------------------------------
Запуск приложения MASTER: 31.12.2007 23:32:46 пользователь: IMOLOKOEDOVA
Завершение приложения MASTER: 31.12.2007 23:40:53 пользователь: IMOLOKOEDOVA

-----------------------------------------------------------
Запуск приложения MASTER: 03.01.2008 09:41:21 пользователь: IMOLOKOEDOVA
-----------------------------------------------------------
Запуск приложения MASTER: 03.01.2008 09:45:15 пользователь: LDUNAEVA
Завершение приложения MASTER: 03.01.2008 09:47:14 пользователь: SYSTEMUSER

-----------------------------------------------------------
Запуск приложения MASTER: 03.01.2008 10:17:38 пользователь: SYAKIMSCEVA
Завершение приложения MASTER: 03.01.2008 10:19:12 пользователь: SYAKIMSCEVA

-----------------------------------------------------------
Запуск приложения MASTER: 03.01.2008 10:20:38 пользователь: VUSTINOV
-----------------------------------------------------------
Запуск приложения MASTER: 03.01.2008 10:32:44 пользователь: APAVLYUSHIN
-----------------------------------------------------------
Запуск приложения MASTER: 03.01.2008 10:38:05 пользователь: SYAKIMSCEVA
Завершение приложения MASTER: 03.01.2008 10:39:42 пользователь: SYAKIMSCEVA

Завершение приложения MASTER: 03.01.2008 10:43:31 пользователь: NPOPOV

-----------------------------------------------------------
Запуск приложения MASTER: 03.01.2008 11:01:34 пользователь: NIVANOVA
-----------------------------------------------------------
Запуск приложения MASTER: 03.01.2008 11:04:35 пользователь: OMALYSHKINA
Завершение приложения MASTER: 03.01.2008 11:09:57 пользователь: NIVANOVA

-----------------------------------------------------------
Запуск приложения MASTER: 03.01.2008 11:21:00 пользователь: DERMOLOV
-----------------------------------------------------------
Запуск приложения MASTER: 03.01.2008 11:31:35 пользователь: OKUZNETSOVA
-----------------------------------------------------------
Запуск приложения MASTER: 03.01.2008 11:46:41 пользователь: SYAKIMSCEVA
Завершение приложения MASTER: 03.01.2008 12:05:43 пользователь: SYAKIMSCEVA

-----------------------------------------------------------
Запуск приложения MASTER: 03.01.2008 12:05:57 пользователь: SYAKIMSCEVA
Завершение приложения MASTER: 03.01.2008 12:48:51 пользователь: SYAKIMSCEVA

-----------------------------------------------------------
Запуск приложения MASTER: 03.01.2008 12:50:29 пользователь: SPROKUSHEV
-----------------------------------------------------------
Запуск приложения MASTER: 03.01.2008 12:57:58 пользователь: SYAKIMSCEVA
Завершение приложения MASTER: 03.01.2008 13:03:44 пользователь: VPOPOV

Завершение приложения MASTER: 03.01.2008 13:16:13 пользователь: SPROKUSHEV

-----------------------------------------------------------
Запуск приложения MASTER: 03.01.2008 13:21:06 пользователь: NIVANOVA
Завершение приложения MASTER: 03.01.2008 13:23:48 пользователь: NIVANOVA

Завершение приложения MASTER: 03.01.2008 13:33:57 пользователь: SYAKIMSCEVA

-----------------------------------------------------------
Запуск приложения MASTER: 03.01.2008 13:33:58 пользователь: NPOPOV
-----------------------------------------------------------
Запуск приложения MASTER: 03.01.2008 13:34:02 пользователь: SYAKIMSCEVA
Завершение приложения MASTER: 03.01.2008 13:38:07 пользователь: SYAKIMSCEVA

Завершение приложения MASTER: 03.01.2008 13:38:19 пользователь: OMALYSHKINA

-----------------------------------------------------------
Запуск приложения MASTER: 03.01.2008 13:38:46 пользователь: SYAKIMSCEVA
-----------------------------------------------------------
Запуск приложения MASTER: 03.01.2008 13:40:02 пользователь: VPOPOV
-----------------------------------------------------------
Запуск приложения MASTER: 03.01.2008 13:40:07 пользователь: SPROKUSHEV
Завершение приложения MASTER: 03.01.2008 13:45:45 пользователь: SPROKUSHEV

Завершение приложения MASTER: 03.01.2008 13:46:45 пользователь: SYAKIMSCEVA

Завершение приложения MASTER: 03.01.2008 13:47:45 пользователь: NPOPOV

-----------------------------------------------------------
Запуск приложения MASTER: 03.01.2008 13:47:55 пользователь: SYAKIMSCEVA
Завершение приложения MASTER: 03.01.2008 13:55:07 пользователь: OKUZNETSOVA

Завершение приложения MASTER: 03.01.2008 13:55:15 пользователь: SYAKIMSCEVA

-----------------------------------------------------------
Запуск приложения MASTER: 03.01.2008 13:55:19 пользователь: SYAKIMSCEVA
Завершение приложения MASTER: 03.01.2008 14:00:54 пользователь: VPOPOV

-----------------------------------------------------------
Запуск приложения MASTER: 03.01.2008 14:18:40 пользователь: NIVANOVA
Завершение приложения MASTER: 03.01.2008 14:20:24 пользователь: NIVANOVA

Завершение приложения MASTER: 03.01.2008 14:22:26 пользователь: SYAKIMSCEVA

-----------------------------------------------------------
Запуск приложения MASTER: 03.01.2008 14:22:30 пользователь: SYAKIMSCEVA
-----------------------------------------------------------
Запуск приложения MASTER: 03.01.2008 14:31:18 пользователь: NIVANOVA
Завершение приложения MASTER: 03.01.2008 14:33:17 пользователь: NIVANOVA

-----------------------------------------------------------
Запуск приложения MASTER: 03.01.2008 14:34:46 пользователь: NIVANOVA
-----------------------------------------------------------
Запуск приложения MASTER: 03.01.2008 14:35:11 пользователь: OPLOHOTNIKOV
Завершение приложения MASTER: 03.01.2008 14:36:54 пользователь: NIVANOVA

-----------------------------------------------------------
Запуск приложения MASTER: 03.01.2008 14:48:11 пользователь: NIVANOVA
Завершение приложения MASTER: 03.01.2008 14:50:15 пользователь: NIVANOVA

Завершение приложения MASTER: 03.01.2008 14:51:05 пользователь: OPLOHOTNIKOV

-----------------------------------------------------------
Запуск приложения MASTER: 03.01.2008 14:54:11 пользователь: VPOPOV
-----------------------------------------------------------
Запуск приложения MASTER: 03.01.2008 14:56:10 пользователь: NIVANOVA
Завершение приложения MASTER: 03.01.2008 14:57:32 пользователь: NIVANOVA

-----------------------------------------------------------
Запуск приложения MASTER: 03.01.2008 15:16:23 пользователь: OKUZNETSOVA
-----------------------------------------------------------
Запуск приложения MASTER: 03.01.2008 15:28:06 пользователь: DERMOLOV
Завершение приложения MASTER: 03.01.2008 15:34:08 пользователь: VPOPOV

-----------------------------------------------------------
Запуск приложения MASTER: 03.01.2008 15:38:12 пользователь: NIVANOVA
Завершение приложения MASTER: 03.01.2008 15:40:27 пользователь: NIVANOVA

-----------------------------------------------------------
Запуск приложения MASTER: 03.01.2008 16:09:05 пользователь: OUSENHAN
Завершение приложения MASTER: 03.01.2008 16:16:13 пользователь: OUSENHAN

Завершение приложения MASTER: 03.01.2008 16:19:12 пользователь: RMUKHAMETOVA

-----------------------------------------------------------
Запуск приложения MASTER: 03.01.2008 16:21:01 пользователь: NIVANOVA
Завершение приложения MASTER: 03.01.2008 16:24:16 пользователь: NIVANOVA

Завершение приложения MASTER: 03.01.2008 16:27:11 пользователь: APAVLYUSHIN

-----------------------------------------------------------
Запуск приложения MASTER: 03.01.2008 16:35:07 пользователь: NIVANOVA
Завершение приложения MASTER: 03.01.2008 16:36:15 пользователь: NIVANOVA

-----------------------------------------------------------
Запуск приложения MASTER: 03.01.2008 16:37:40 пользователь: KOMILUK
Завершение приложения MASTER: 03.01.2008 16:38:21 пользователь: DERMOLOV

-----------------------------------------------------------
Запуск приложения MASTER: 03.01.2008 16:38:26 пользователь: DERMOLOV
-----------------------------------------------------------
Запуск приложения MASTER: 03.01.2008 16:38:44 пользователь: NIVANOVA
Завершение приложения MASTER: 03.01.2008 16:38:58 пользователь: NIVANOVA

Завершение приложения MASTER: 03.01.2008 16:39:01 пользователь: KOMILUK

-----------------------------------------------------------
Запуск приложения MASTER: 03.01.2008 16:39:10 пользователь: NIVANOVA
Завершение приложения MASTER: 03.01.2008 16:41:00 пользователь: NIVANOVA

-----------------------------------------------------------
Запуск приложения MASTER: 03.01.2008 16:44:15 пользователь: NIVANOVA
Завершение приложения MASTER: 03.01.2008 16:48:04 пользователь: NIVANOVA

-----------------------------------------------------------
Запуск приложения MASTER: 03.01.2008 16:52:52 пользователь: NIVANOVA
Завершение приложения MASTER: 03.01.2008 16:54:59 пользователь: NIVANOVA

-----------------------------------------------------------
Запуск приложения MASTER: 03.01.2008 16:55:02 пользователь: NIVANOVA
Завершение приложения MASTER: 03.01.2008 16:55:06 пользователь: NIVANOVA

-----------------------------------------------------------
Запуск приложения MASTER: 03.01.2008 16:57:33 пользователь: NIVANOVA
Завершение приложения MASTER: 03.01.2008 17:03:39 пользователь: OKUZNETSOVA

Завершение приложения MASTER: 03.01.2008 17:08:35 пользователь: NIVANOVA

-----------------------------------------------------------
Запуск приложения MASTER: 03.01.2008 17:09:18 пользователь: NIVANOVA
Завершение приложения MASTER: 03.01.2008 17:13:29 пользователь: NIVANOVA

Завершение приложения MASTER: 03.01.2008 17:15:30 пользователь: AZARIPOV

Завершение приложения MASTER: 03.01.2008 17:17:19 пользователь: SYAKIMSCEVA

Завершение приложения MASTER: 03.01.2008 17:35:59 пользователь: LUTKOVA

Завершение приложения MASTER: 03.01.2008 17:39:05 пользователь: IMOLOKOEDOVA

Завершение приложения MASTER: 03.01.2008 17:42:40 пользователь: LDUNAEVA

-----------------------------------------------------------
Запуск приложения MASTER: 03.01.2008 18:04:24 пользователь: ELVPOPOVA
Завершение приложения MASTER: 03.01.2008 18:04:25 пользователь: ELVPOPOVA

-----------------------------------------------------------
Запуск приложения MASTER: 03.01.2008 18:04:28 пользователь: ELVPOPOVA
Завершение приложения MASTER: 03.01.2008 18:04:29 пользователь: ELVPOPOVA

Завершение приложения MASTER: 03.01.2008 18:39:35 пользователь: DERMOLOV

-----------------------------------------------------------
Запуск приложения MASTER: 03.01.2008 22:42:43 пользователь: KOMILUK
Завершение приложения MASTER: 03.01.2008 22:59:20 пользователь: KOMILUK

-----------------------------------------------------------
Запуск приложения MASTER: 04.01.2008 05:51:25 пользователь: KOMILUK
Завершение приложения MASTER: 04.01.2008 05:54:44 пользователь: KOMILUK

-----------------------------------------------------------
Запуск приложения MASTER: 04.01.2008 07:30:36 пользователь: SYSTEMUSER
Завершение приложения MASTER: 04.01.2008 07:32:07 пользователь: SYSTEMUSER

-----------------------------------------------------------
Запуск приложения MASTER: 04.01.2008 07:32:18 пользователь: SYSTEMUSER
-----------------------------------------------------------
Запуск приложения MASTER: 04.01.2008 07:32:35 пользователь: SYSTEMUSER
-----------------------------------------------------------
Запуск приложения MASTER: 04.01.2008 07:32:53 пользователь: SYSTEMUSER
-----------------------------------------------------------
Запуск приложения MASTER: 04.01.2008 07:33:04 пользователь: SYSTEMUSER
-----------------------------------------------------------
Запуск приложения MASTER: 04.01.2008 07:33:54 пользователь: SYSTEMUSER
-----------------------------------------------------------
Запуск приложения MASTER: 04.01.2008 07:35:51 пользователь: SYSTEMUSER
-----------------------------------------------------------
Запуск приложения MASTER: 04.01.2008 07:36:03 пользователь: SYSTEMUSER
-----------------------------------------------------------
Запуск приложения MASTER: 04.01.2008 07:36:10 пользователь: SYSTEMUSER
-----------------------------------------------------------
Запуск приложения MASTER: 04.01.2008 07:36:16 пользователь: SYSTEMUSER
-----------------------------------------------------------
Запуск приложения MASTER: 04.01.2008 07:36:24 пользователь: SYSTEMUSER
-----------------------------------------------------------
Запуск приложения MASTER: 04.01.2008 07:36:30 пользователь: SYSTEMUSER
-----------------------------------------------------------
Запуск приложения MASTER: 04.01.2008 07:36:36 пользователь: SYSTEMUSER
-----------------------------------------------------------
Запуск приложения MASTER: 04.01.2008 07:36:48 пользователь: SYSTEMUSER
-----------------------------------------------------------
Запуск приложения MASTER: 04.01.2008 07:36:58 пользователь: SYSTEMUSER
-----------------------------------------------------------
Запуск приложения MASTER: 04.01.2008 07:37:32 пользователь: SYSTEMUSER
-----------------------------------------------------------
Запуск приложения MASTER: 04.01.2008 07:39:53 пользователь: SYSTEMUSER
-----------------------------------------------------------
Запуск приложения MASTER: 04.01.2008 07:40:26 пользователь: SYSTEMUSER
-----------------------------------------------------------
Запуск приложения MASTER: 04.01.2008 08:28:49 пользователь: DVASIN
-----------------------------------------------------------
Запуск приложения MASTER: 04.01.2008 08:43:53 пользователь: NPOPOV
Завершение приложения MASTER: 04.01.2008 08:45:29 пользователь: NPOPOV

-----------------------------------------------------------
Запуск приложения MASTER: 04.01.2008 08:48:44 пользователь: AZARIPOV
-----------------------------------------------------------
Запуск приложения MASTER: 04.01.2008 08:51:26 пользователь: VPOPOV
-----------------------------------------------------------
Запуск приложения MASTER: 04.01.2008 08:59:44 пользователь: SYAKIMSCEVA
Завершение приложения MASTER: 04.01.2008 09:06:26 пользователь: DVASIN

-----------------------------------------------------------
Запуск приложения MASTER: 04.01.2008 09:11:17 пользователь: ERUBTSOVA
-----------------------------------------------------------
Запуск приложения MASTER: 04.01.2008 9:26:41 пользователь: VTAUBIN
-----------------------------------------------------------
Запуск приложения MASTER: 04.01.2008 9:28:07 пользователь: LUTKOVA
Завершение приложения MASTER: 04.01.2008 9:42:53 пользователь: LUTKOVA

-----------------------------------------------------------
Запуск приложения MASTER: 04.01.2008 9:45:12 пользователь: LUTKOVA
Завершение приложения MASTER: 04.01.2008 9:46:24 пользователь: LUTKOVA

-----------------------------------------------------------
Запуск приложения MASTER: 04.01.2008 9:46:33 пользователь: LUTKOVA
Завершение приложения MASTER: 04.01.2008 9:47:36 пользователь: LUTKOVA

-----------------------------------------------------------
Запуск приложения MASTER: 04.01.2008 9:47:48 пользователь: LUTKOVA
Завершение приложения MASTER: 04.01.2008 9:49:36 пользователь: LUTKOVA

-----------------------------------------------------------
Запуск приложения MASTER: 04.01.2008 09:52:38 пользователь: IMOLOKOEDOVA
-----------------------------------------------------------
Запуск приложения MASTER: 04.01.2008 09:53:08 пользователь: DERMOLOV
-----------------------------------------------------------
Запуск приложения MASTER: 04.01.2008 10:05:28 пользователь: APAVLYUSHIN
-----------------------------------------------------------
Запуск приложения MASTER: 04.01.2008 10:13:23 пользователь: MVOKUEVA
Завершение приложения MASTER: 04.01.2008 10:16:49 пользователь: VTAUBIN

Завершение приложения MASTER: 04.01.2008 10:28:14 пользователь: IMOLOKOEDOVA

-----------------------------------------------------------
Запуск приложения MASTER: 04.01.2008 10:32:11 пользователь: IMOLOKOEDOVA
-----------------------------------------------------------
Запуск приложения MASTER: 04.01.2008 10:37:55 пользователь: SPROKUSHEV
-----------------------------------------------------------
Запуск приложения MASTER: 04.01.2008 10:45:41 пользователь: VTAUBIN
-----------------------------------------------------------
Запуск приложения MASTER: 04.01.2008 10:51:00 пользователь: NIVANOVA
Завершение приложения MASTER: 04.01.2008 11:20:12 пользователь: SYAKIMSCEVA

-----------------------------------------------------------
Запуск приложения MASTER: 04.01.2008 11:20:35 пользователь: SYAKIMSCEVA
-----------------------------------------------------------
Запуск приложения MASTER: 04.01.2008 11:23:12 пользователь: LUTKOVA
-----------------------------------------------------------
Запуск приложения MASTER: 04.01.2008 11:41:35 пользователь: IBELOZER
Завершение приложения MASTER: 04.01.2008 12:05:41 пользователь: IBELOZER

