-----------------------------------------------------------
Запуск приложения REPLICATOR: 05.09.2003 14:14:17
-----------------------------------------------------------
Запуск приложения REPLICATOR: 05.09.2003 14:21:26
-----------------------------------------------------------
Запуск приложения REPLICATOR: 05.09.2003 14:26:31

Приложение: C:\WORK\Replicator\Replicator.exe
Moдуль: MAIN
Пользователь: SPROKUSHEV
Дата и время:05.09.2003 14:27:02
Ошибка1

Завершение приложения REPLICATOR: 05.09.2003 14:28:57
-----------------------------------------------------------
Запуск приложения REPLICATOR: 05.09.2003 14:30:31

Завершение приложения REPLICATOR: 05.09.2003 14:30:39
-----------------------------------------------------------
Запуск приложения REPLICATOR: 05.09.2003 14:34:02

Приложение: C:\WORK\Replicator\Replicator.exe
Moдуль: MAIN
Пользователь: SPROKUSHEV
Дата и время: 05.09.2003 14:34:04
Ошибка1

Приложение: C:\WORK\Replicator\Replicator.exe
Moдуль: MAIN
Пользователь: SPROKUSHEV
Дата и время: 05.09.2003 14:34:29
Ошибка1

Завершение приложения REPLICATOR: 05.09.2003 14:34:31
-----------------------------------------------------------
Запуск приложения REPLICATOR: 05.09.2003 15:59:17

Завершение приложения REPLICATOR: 05.09.2003 15:59:37
-----------------------------------------------------------
Запуск приложения REPLICATOR: 05.09.2003 15:59:57
-----------------------------------------------------------
Запуск приложения REPLICATOR: 05.09.2003 16:01:29

Приложение: C:\WORK\Replicator\Replicator.exe
Moдуль: ForDBConn
Пользователь: SPROKUSHEV
Дата и время: 05.09.2003 16:01:39
ORA-01017: invalid username/password; logon denied

Не удалось получить доступ к базе данных через DOA: BUH LOAD_BUFFER LOAD_BUFFER1

Завершение приложения REPLICATOR: 05.09.2003 16:04:25
-----------------------------------------------------------
Запуск приложения REPLICATOR: 05.09.2003 16:04:26

Приложение: C:\WORK\Replicator\Replicator.exe
Moдуль: ForDBConn
Пользователь: SPROKUSHEV
Дата и время: 05.09.2003 16:04:33
ORA-01017: invalid username/password; logon denied

Не удалось получить доступ к базе данных через DOA: BUH LOAD_BUFFER LOAD_BUFFER1

Завершение приложения REPLICATOR: 05.09.2003 16:08:00
-----------------------------------------------------------
Запуск приложения REPLICATOR: 05.09.2003 16:08:02

Приложение: C:\WORK\Replicator\Replicator.exe
Moдуль: ForDBConn
Пользователь: SPROKUSHEV
Дата и время: 05.09.2003 16:08:08
ORA-01017: invalid username/password; logon denied

Не удалось получить доступ к базе данных через DOA: BUH LOAD_BUFFER LOAD_BUFFER1

Завершение приложения REPLICATOR: 05.09.2003 16:08:52
-----------------------------------------------------------
Запуск приложения REPLICATOR: 30.09.2003 09:04:27 пользователь: SPROKUSHEV
-----------------------------------------------------------
Запуск приложения REPLICATOR: 30.09.2003 09:04:46 пользователь: SPROKUSHEV

Завершение приложения REPLICATOR: 30.09.2003 09:04:52 пользователь: SPROKUSHEV
-----------------------------------------------------------
Запуск приложения REPLICATOR: 30.09.2003 09:05:02 пользователь: SPROKUSHEV
-----------------------------------------------------------
Запуск приложения REPLICATOR: 30.09.2003 09:05:41 пользователь: SPROKUSHEV

Завершение приложения REPLICATOR: 30.09.2003 09:06:04 пользователь: SPROKUSHEV
-----------------------------------------------------------
Запуск приложения REPLICATOR: 30.09.2003 09:06:16 пользователь: SPROKUSHEV

Завершение приложения REPLICATOR: 30.09.2003 09:06:37 пользователь: SPROKUSHEV
-----------------------------------------------------------
Запуск приложения REPLICATOR: 30.09.2003 09:09:04 пользователь: SPROKUSHEV

Завершение приложения REPLICATOR: 30.09.2003 09:09:13 пользователь: SPROKUSHEV
-----------------------------------------------------------
Запуск приложения REPLICATOR: 30.10.2003 14:35:18 пользователь: SPROKUSHEV

Компьютер: SPROKUSHEV
Приложение: C:\WORK\Replicator\Replicator.exe
Moдуль: MAIN
Пользователь: SPROKUSHEV
Дата и время: 30.10.2003 14:35:18

Начало сеанса репликации
-----------------------------------------------------------
Запуск приложения REPLICATOR: 30.10.2003 14:40:04 пользователь: SPROKUSHEV

Компьютер: SPROKUSHEV
Приложение: C:\WORK\Replicator\Replicator.exe
Moдуль: MAIN
Пользователь: SPROKUSHEV
Дата и время: 30.10.2003 14:40:04

Начало сеанса репликации

Компьютер: SPROKUSHEV
Приложение: C:\WORK\Replicator\Replicator.exe
Moдуль: MAIN
Пользователь: SPROKUSHEV
Дата и время: 30.10.2003 14:51:30

Репликация STATES отключена!

Компьютер: SPROKUSHEV
Приложение: C:\WORK\Replicator\Replicator.exe
Moдуль: ForDBConn
Пользователь: SPROKUSHEV
Дата и время: 30.10.2003 14:55:02

ORA-01843: not a valid month
ORA-06512: at line 2

Не удалось запустить процедуру renew_kls_gdor!

Компьютер: SPROKUSHEV
Приложение: C:\WORK\Replicator\Replicator.exe
Moдуль: MAIN
Пользователь: SPROKUSHEV
Дата и время: 30.10.2003 14:55:04

Репликация GDOR: Выполнена!

Компьютер: SPROKUSHEV
Приложение: C:\WORK\Replicator\Replicator.exe
Moдуль: ForDBConn
Пользователь: SPROKUSHEV
Дата и время: 30.10.2003 14:55:13

ORA-01843: not a valid month
ORA-06512: at line 2

Не удалось запустить процедуру renew_kls_region!

Компьютер: SPROKUSHEV
Приложение: C:\WORK\Replicator\Replicator.exe
Moдуль: MAIN
Пользователь: SPROKUSHEV
Дата и время: 30.10.2003 14:55:14

Репликация REGION: Выполнена!

Компьютер: SPROKUSHEV
Приложение: C:\WORK\Replicator\Replicator.exe
Moдуль: ForDBConn
Пользователь: SPROKUSHEV
Дата и время: 30.10.2003 14:58:03

ORA-01843: not a valid month
ORA-06512: at line 2

Не удалось запустить процедуру renew_kls_stan!

Компьютер: SPROKUSHEV
Приложение: C:\WORK\Replicator\Replicator.exe
Moдуль: MAIN
Пользователь: SPROKUSHEV
Дата и время: 30.10.2003 14:58:26

Репликация STAN: Выполнена!

Компьютер: SPROKUSHEV
Приложение: C:\WORK\Replicator\Replicator.exe
Moдуль: MAIN
Пользователь: SPROKUSHEV
Дата и время: 30.10.2003 14:58:56

Репликация GDOR: Файл u:\luk\dbases\gdor.dbf не изменился!

Компьютер: SPROKUSHEV
Приложение: C:\WORK\Replicator\Replicator.exe
Moдуль: MAIN
Пользователь: SPROKUSHEV
Дата и время: 30.10.2003 14:58:57

Репликация GDOR: Нет необходимости в выполнении!
-----------------------------------------------------------
Запуск приложения REPLICATOR: 30.10.2003 15:25:29 пользователь: SPROKUSHEV

Компьютер: SPROKUSHEV
Приложение: C:\WORK\Replicator\Replicator.exe
Moдуль: MAIN
Пользователь: SPROKUSHEV
Дата и время: 30.10.2003 15:25:30

Начало сеанса репликации
-----------------------------------------------------------
Запуск приложения REPLICATOR: 30.10.2003 15:26:39 пользователь: SPROKUSHEV

Компьютер: SPROKUSHEV
Приложение: C:\WORK\Replicator\Replicator.exe
Moдуль: MAIN
Пользователь: SPROKUSHEV
Дата и время: 30.10.2003 15:26:39

Начало сеанса репликации
-----------------------------------------------------------
Запуск приложения REPLICATOR: 30.10.2003 15:31:22 пользователь: SPROKUSHEV

Компьютер: SPROKUSHEV
Приложение: C:\WORK\Replicator\Replicator.exe
Moдуль: MAIN
Пользователь: SPROKUSHEV
Дата и время: 30.10.2003 15:31:23

Начало сеанса репликации
-----------------------------------------------------------
Запуск приложения REPLICATOR: 30.10.2003 15:32:54 пользователь: SPROKUSHEV

Компьютер: SPROKUSHEV
Приложение: C:\WORK\Replicator\Replicator.exe
Moдуль: MAIN
Пользователь: SPROKUSHEV
Дата и время: 30.10.2003 15:32:55

Начало сеанса репликации

Компьютер: SPROKUSHEV
Приложение: C:\WORK\Replicator\Replicator.exe
Moдуль: MAIN
Пользователь: SPROKUSHEV
Дата и время: 30.10.2003 15:33:16

Репликация GDOR: Выполнена!

Компьютер: SPROKUSHEV
Приложение: C:\WORK\Replicator\Replicator.exe
Moдуль: MAIN
Пользователь: SPROKUSHEV
Дата и время: 30.10.2003 16:57:18

Репликация PREDPR_A: Выполнена!
-----------------------------------------------------------
Запуск приложения REPLICATOR: 30.10.2003 17:07:49 пользователь: SPROKUSHEV

Компьютер: SPROKUSHEV
Приложение: C:\WORK\Replicator\Replicator.exe
Moдуль: MAIN
Пользователь: SPROKUSHEV
Дата и время: 30.10.2003 17:07:49

Начало сеанса репликации
-----------------------------------------------------------
Запуск приложения REPLICATOR: 30.10.2003 17:09:53 пользователь: SPROKUSHEV

Компьютер: SPROKUSHEV
Приложение: C:\WORK\Replicator\Replicator.exe
Moдуль: MAIN
Пользователь: SPROKUSHEV
Дата и время: 30.10.2003 17:09:54

Начало сеанса репликации

Компьютер: SPROKUSHEV
Приложение: C:\WORK\Replicator\Replicator.exe
Moдуль: MAIN
Пользователь: SPROKUSHEV
Дата и время: 30.10.2003 17:11:07

Репликация PREDPR_A: Файл u:\luk\dbases\predpr_a.dbf не изменился!

Компьютер: SPROKUSHEV
Приложение: C:\WORK\Replicator\Replicator.exe
Moдуль: MAIN
Пользователь: SPROKUSHEV
Дата и время: 30.10.2003 17:11:08

Репликация PREDPR_A: Нет необходимости в выполнении!

Компьютер: SPROKUSHEV
Приложение: C:\WORK\Replicator\Replicator.exe
Moдуль: MAIN
Пользователь: SPROKUSHEV
Дата и время: 30.10.2003 17:12:01

Репликация PERTYPE: Выполнена!

Компьютер: SPROKUSHEV
Приложение: C:\WORK\Replicator\Replicator.exe
Moдуль: MAIN
Пользователь: SPROKUSHEV
Дата и время: 30.10.2003 17:12:19

Репликация HOLDING: Выполнена!

Компьютер: SPROKUSHEV
Приложение: C:\WORK\Replicator\Replicator.exe
Moдуль: MAIN
Пользователь: SPROKUSHEV
Дата и время: 30.10.2003 17:12:30

Репликация TRACKS: Выполнена!

Компьютер: SPROKUSHEV
Приложение: C:\WORK\Replicator\Replicator.exe
Moдуль: MAIN
Пользователь: SPROKUSHEV
Дата и время: 30.10.2003 17:12:40

Репликация VETKA: Выполнена!

Компьютер: SPROKUSHEV
Приложение: C:\WORK\Replicator\Replicator.exe
Moдуль: MAIN
Пользователь: SPROKUSHEV
Дата и время: 30.10.2003 17:12:54

Репликация STAN: Файл u:\luk\dbases\stan.dbf не изменился!

Компьютер: SPROKUSHEV
Приложение: C:\WORK\Replicator\Replicator.exe
Moдуль: MAIN
Пользователь: SPROKUSHEV
Дата и время: 30.10.2003 17:12:55

Репликация STAN: Нет необходимости в выполнении!

Компьютер: SPROKUSHEV
Приложение: C:\WORK\Replicator\Replicator.exe
Moдуль: MAIN
Пользователь: SPROKUSHEV
Дата и время: 30.10.2003 17:13:12

Репликация PREDPR_I: Файл U:\LUK\DBASES\predpr_i.dbf не изменился!

Компьютер: SPROKUSHEV
Приложение: C:\WORK\Replicator\Replicator.exe
Moдуль: MAIN
Пользователь: SPROKUSHEV
Дата и время: 30.10.2003 17:13:12

Репликация PREDPR_I: Нет необходимости в выполнении!

Компьютер: SPROKUSHEV
Приложение: C:\WORK\Replicator\Replicator.exe
Moдуль: MAIN
Пользователь: SPROKUSHEV
Дата и время: 30.10.2003 17:13:32

Репликация PREDPR: Выполнена!

Завершение приложения REPLICATOR: 30.10.2003 17:14:02 пользователь: SPROKUSHEV
